2024-06-18 17:00:33,279 [INFO] Activator:176 - 


2024-06-18 17:00:33,284 [INFO] Activator:177 - !SESSION log4j initialized
2024-06-18 17:00:36,056 [INFO] LogOutputStream:77 - [STDOUT_REDIRECT] 
2024-06-18 17:00:43,761 [INFO] ApplicationProperties:184 - Using Application install path: C:\ST\STM32CubeIDE_1.9.0\STM32CubeIDE\plugins\com.st.stm32cube.common.mx_6.11.1.202404110753
2024-06-18 17:00:43,785 [INFO] DbMcusXml:78 - Set database path to: C:\ST\STM32CubeIDE_1.9.0\STM32CubeIDE\plugins\com.st.stm32cube.common.mx_6.11.1.202404110753\\db\/mcu/
2024-06-18 17:00:43,786 [INFO] ApiDb:274 - Set plugin database path to: C:\ST\STM32CubeIDE_1.9.0\STM32CubeIDE\plugins\com.st.stm32cube.common.mx_6.11.1.202404110753\\db\/plugins/boardmanager/
2024-06-18 17:00:43,786 [WARN] ApiDb:259 - Overriding images path with different value:  => C:\ST\STM32CubeIDE_1.9.0\STM32CubeIDE\plugins\com.st.stm32cube.common.mx_6.11.1.202404110753\\db\/plugins/mcufinder/images/
2024-06-18 17:00:43,795 [INFO] ApiDb:250 - Set database path to: C:\Users\hsuankai.chang\.stmcufinder\plugins\mcufinder//mcu/
2024-06-18 17:00:43,797 [INFO] DbMcusAds:125 - Set database path to: C:\Users\hsuankai.chang\.stmcufinder\plugins\mcufinder//mcu/
2024-06-18 17:00:43,799 [INFO] CrossReferenceDbSqlite:203 - Set database path to: C:\Users\hsuankai.chang\.stmcufinder\plugins\mcufinder//mcu/cs/
2024-06-18 17:00:43,971 [INFO] RulesReader:64 - Compatibility file has been processed (297 Rules)
2024-06-18 17:00:44,127 [INFO] DbMcusXml:78 - Set database path to: C:\ST\STM32CubeIDE_1.9.0\STM32CubeIDE\plugins\com.st.stm32cube.common.mx_6.11.1.202404110753\\db\/mcu/
2024-06-18 17:00:44,127 [INFO] ApiDb:274 - Set plugin database path to: C:\ST\STM32CubeIDE_1.9.0\STM32CubeIDE\plugins\com.st.stm32cube.common.mx_6.11.1.202404110753\\db\/plugins/boardmanager/
2024-06-18 17:00:44,128 [INFO] ApiDb:261 - Set plugin images path to: C:\ST\STM32CubeIDE_1.9.0\STM32CubeIDE\plugins\com.st.stm32cube.common.mx_6.11.1.202404110753\\db\/plugins/mcufinder/images/
2024-06-18 17:00:44,128 [WARN] DbFile:41 - Overriding database path with different value: C:\Users\hsuankai.chang\.stmcufinder\plugins\mcufinder/ => C:\Users\hsuankai.chang\.stmcufinder\plugins\mcufinder
2024-06-18 17:00:44,129 [INFO] ApiDb:250 - Set database path to: C:\Users\hsuankai.chang\.stmcufinder\plugins\mcufinder//mcu/
2024-06-18 17:00:44,129 [WARN] DbFile:41 - Overriding database path with different value: C:\Users\hsuankai.chang\.stmcufinder\plugins\mcufinder/ => C:\Users\hsuankai.chang\.stmcufinder\plugins\mcufinder
2024-06-18 17:00:44,130 [INFO] DbMcusAds:125 - Set database path to: C:\Users\hsuankai.chang\.stmcufinder\plugins\mcufinder//mcu/
2024-06-18 17:00:44,130 [WARN] DbFile:41 - Overriding database path with different value: C:\Users\hsuankai.chang\.stmcufinder\plugins\mcufinder/ => C:\Users\hsuankai.chang\.stmcufinder\plugins\mcufinder
2024-06-18 17:00:44,130 [WARN] DbFile:41 - Overriding database path with different value: C:\Users\hsuankai.chang\.stmcufinder\plugins\mcufinder/ => C:\Users\hsuankai.chang\.stmcufinder\plugins\mcufinder
2024-06-18 17:00:44,130 [INFO] CrossReferenceDbSqlite:203 - Set database path to: C:\Users\hsuankai.chang\.stmcufinder\plugins\mcufinder//mcu/cs/
2024-06-18 17:00:44,297 [INFO] MainPanel:264 - HeapMemory: 268435456
2024-06-18 17:00:44,401 [INFO] DbMcusXml:78 - Set database path to: C:\ST\STM32CubeIDE_1.9.0\STM32CubeIDE\plugins\com.st.stm32cube.common.mx_6.11.1.202404110753\\db\/mcu/
2024-06-18 17:00:44,401 [INFO] ApiDb:274 - Set plugin database path to: C:\ST\STM32CubeIDE_1.9.0\STM32CubeIDE\plugins\com.st.stm32cube.common.mx_6.11.1.202404110753\\db\/plugins/boardmanager/
2024-06-18 17:00:44,401 [INFO] ApiDb:261 - Set plugin images path to: C:\ST\STM32CubeIDE_1.9.0\STM32CubeIDE\plugins\com.st.stm32cube.common.mx_6.11.1.202404110753\\db\/plugins/mcufinder/images/
2024-06-18 17:00:44,401 [WARN] DbFile:41 - Overriding database path with different value: C:\Users\hsuankai.chang\.stmcufinder\plugins\mcufinder/ => C:\Users\hsuankai.chang\.stmcufinder\plugins\mcufinder
2024-06-18 17:00:44,401 [INFO] ApiDb:250 - Set database path to: C:\Users\hsuankai.chang\.stmcufinder\plugins\mcufinder//mcu/
2024-06-18 17:00:44,402 [WARN] DbFile:41 - Overriding database path with different value: C:\Users\hsuankai.chang\.stmcufinder\plugins\mcufinder/ => C:\Users\hsuankai.chang\.stmcufinder\plugins\mcufinder
2024-06-18 17:00:44,402 [INFO] DbMcusAds:125 - Set database path to: C:\Users\hsuankai.chang\.stmcufinder\plugins\mcufinder//mcu/
2024-06-18 17:00:44,402 [WARN] DbFile:41 - Overriding database path with different value: C:\Users\hsuankai.chang\.stmcufinder\plugins\mcufinder/ => C:\Users\hsuankai.chang\.stmcufinder\plugins\mcufinder
2024-06-18 17:00:44,402 [WARN] DbFile:41 - Overriding database path with different value: C:\Users\hsuankai.chang\.stmcufinder\plugins\mcufinder/ => C:\Users\hsuankai.chang\.stmcufinder\plugins\mcufinder
2024-06-18 17:00:44,402 [INFO] CrossReferenceDbSqlite:203 - Set database path to: C:\Users\hsuankai.chang\.stmcufinder\plugins\mcufinder//mcu/cs/
2024-06-18 17:00:44,427 [INFO] ApplicationProperties:184 - Using Application install path: C:\ST\STM32CubeIDE_1.9.0\STM32CubeIDE\plugins\com.st.stm32cube.common.mx_6.11.1.202404110753
2024-06-18 17:00:44,429 [INFO] PluginManage:196 - Search for loadable plugins [exclusion list=, ]
2024-06-18 17:00:44,431 [INFO] PluginManage:310 - Check plugin analytics
2024-06-18 17:00:49,165 [INFO] AnalyticsPlugin:253 - Accepted Software Licenses: 
2024-06-18 17:00:49,165 [INFO] AnalyticsPlugin:255 - Accepted CMSIS Pack Licenses: 
2024-06-18 17:00:49,166 [INFO] AnalyticsPlugin:257 - Accepted Firmware Licenses: 
2024-06-18 17:00:49,169 [INFO] PluginManage:359 - Loaded plugin analytics (category:tool,tabindex:-1)
2024-06-18 17:00:49,170 [INFO] PluginManage:310 - Check plugin cadmodel
2024-06-18 17:00:49,176 [INFO] CADModel:105 - Init CAD model plugin
2024-06-18 17:00:49,176 [INFO] PluginManage:359 - Loaded plugin cadmodel (category:power,tabindex:5)
2024-06-18 17:00:49,176 [INFO] PluginManage:310 - Check plugin clock
2024-06-18 17:00:49,190 [INFO] PluginManage:359 - Loaded plugin clock (category:base,tabindex:2)
2024-06-18 17:00:49,191 [INFO] PluginManage:310 - Check plugin ddr
2024-06-18 17:00:49,193 [INFO] PluginManage:359 - Loaded plugin ddr (category:tool,tabindex:6)
2024-06-18 17:00:49,193 [INFO] PluginManage:310 - Check plugin filemanager
2024-06-18 17:00:49,552 [INFO] PluginManage:359 - Loaded plugin filemanager (category:base,tabindex:10)
2024-06-18 17:00:49,552 [INFO] PluginManage:310 - Check plugin ipmanager
2024-06-18 17:00:49,571 [INFO] PluginManage:359 - Loaded plugin ipmanager (category:base,tabindex:5)
2024-06-18 17:00:49,572 [INFO] PluginManage:310 - Check plugin lpbam
2024-06-18 17:00:49,584 [INFO] PluginManage:359 - Loaded plugin lpbam (category:base,tabindex:0)
2024-06-18 17:00:49,584 [INFO] PluginManage:310 - Check plugin memorymap
2024-06-18 17:00:49,610 [INFO] PluginManage:359 - Loaded plugin memorymap (category:base,tabindex:4)
2024-06-18 17:00:49,610 [INFO] PluginManage:310 - Check plugin pinoutandconfiguration
2024-06-18 17:00:49,624 [INFO] PluginManage:359 - Loaded plugin pinoutandconfiguration (category:base,tabindex:1)
2024-06-18 17:00:49,624 [INFO] PluginManage:310 - Check plugin pinoutconfig
2024-06-18 17:00:49,781 [WARN] SupportedApi:132 - Cannot load RTOS API schema: s4s-elt-must-match.1: The content of 'definitions' must match (annotation?, (simpleType | complexType)?, (unique | key | keyref)*)). A problem was found starting at: attribute.
2024-06-18 17:00:50,003 [INFO] PluginManage:359 - Loaded plugin pinoutconfig (category:base,tabindex:0)
2024-06-18 17:00:50,004 [INFO] PluginManage:310 - Check plugin power
2024-06-18 17:00:50,015 [INFO] PluginManage:359 - Loaded plugin power (category:power,tabindex:4)
2024-06-18 17:00:50,015 [INFO] PluginManage:310 - Check plugin projectmanager
2024-06-18 17:00:50,042 [INFO] PluginManage:359 - Loaded plugin projectmanager (category:projectmanager,tabindex:3)
2024-06-18 17:00:50,042 [INFO] PluginManage:310 - Check plugin thirdparty
2024-06-18 17:00:50,249 [INFO] PluginManage:359 - Loaded plugin thirdparty (category:base,tabindex:-1)
2024-06-18 17:00:50,249 [WARN] IntegrityCheckThread:84 - waiting for thirdparty lock release [integrity check]
2024-06-18 17:00:50,249 [INFO] PluginManage:310 - Check plugin tools
2024-06-18 17:00:50,249 [INFO] IntegrityCheckThread:86 - entering critical section [integrity check]
2024-06-18 17:00:50,250 [INFO] ThirdPartyUpdaterWithRetryManager:70 - Updater plugin not ready yet. [1/15]
2024-06-18 17:00:50,261 [INFO] PluginManage:359 - Loaded plugin tools (category:base,tabindex:7)
2024-06-18 17:00:50,261 [INFO] PluginManage:310 - Check plugin tutovideos
2024-06-18 17:00:50,614 [INFO] PluginManage:359 - Loaded plugin tutovideos (category:base,tabindex:-1)
2024-06-18 17:00:50,614 [INFO] PluginManage:310 - Check plugin updater
2024-06-18 17:00:50,628 [INFO] PluginManage:359 - Loaded plugin updater (category:base,tabindex:12)
2024-06-18 17:00:50,628 [INFO] PluginManage:310 - Check plugin userauth
2024-06-18 17:00:50,635 [INFO] UserAuth:114 - Init User Auth plugin
2024-06-18 17:00:50,635 [INFO] PluginManage:359 - Loaded plugin userauth (category:base,tabindex:14)
2024-06-18 17:00:50,636 [INFO] PluginManage:283 - PluginManage : Loaded plugins [17]
2024-06-18 17:00:51,082 [INFO] PinOutPanel:1561 - setPackage(No Configuration,No Configuration)
2024-06-18 17:00:51,233 [INFO] CADModel:165 - CPN selected for project level
2024-06-18 17:00:51,234 [INFO] CADModel:114 - Register for checkConnection events
2024-06-18 17:00:51,260 [INFO] IPUIPlugin:80 - create IPUIPlugin
2024-06-18 17:00:51,260 [INFO] PluginManager:220 - loadIPPluginJar : add adc
2024-06-18 17:00:51,264 [INFO] IPUIPlugin:80 - create IPUIPlugin
2024-06-18 17:00:51,264 [INFO] PluginManager:220 - loadIPPluginJar : add aes
2024-06-18 17:00:51,269 [INFO] IPUIPlugin:80 - create IPUIPlugin
2024-06-18 17:00:51,269 [INFO] PluginManager:220 - loadIPPluginJar : add can
2024-06-18 17:00:51,272 [INFO] IPUIPlugin:80 - create IPUIPlugin
2024-06-18 17:00:51,272 [INFO] PluginManager:220 - loadIPPluginJar : add comp
2024-06-18 17:00:51,277 [INFO] IPUIPlugin:80 - create IPUIPlugin
2024-06-18 17:00:51,277 [INFO] PluginManager:220 - loadIPPluginJar : add cryp
2024-06-18 17:00:51,281 [INFO] IPUIPlugin:80 - create IPUIPlugin
2024-06-18 17:00:51,281 [INFO] PluginManager:220 - loadIPPluginJar : add dfsdm
2024-06-18 17:00:51,292 [INFO] IPUIPlugin:80 - create IPUIPlugin
2024-06-18 17:00:51,293 [INFO] PluginManager:220 - loadIPPluginJar : add dma
2024-06-18 17:00:51,297 [INFO] IPUIPlugin:80 - create IPUIPlugin
2024-06-18 17:00:51,298 [INFO] PluginManager:220 - loadIPPluginJar : add dma3
2024-06-18 17:00:51,303 [INFO] IPUIPlugin:80 - create IPUIPlugin
2024-06-18 17:00:51,303 [INFO] PluginManager:220 - loadIPPluginJar : add extmemmanager
2024-06-18 17:00:51,306 [INFO] IPUIPlugin:80 - create IPUIPlugin
2024-06-18 17:00:51,306 [INFO] PluginManager:220 - loadIPPluginJar : add fatfs
2024-06-18 17:00:51,314 [INFO] IPUIPlugin:80 - create IPUIPlugin
2024-06-18 17:00:51,314 [INFO] PluginManager:220 - loadIPPluginJar : add fmc
2024-06-18 17:00:51,324 [INFO] IPUIPlugin:80 - create IPUIPlugin
2024-06-18 17:00:51,324 [INFO] PluginManager:220 - loadIPPluginJar : add freertos
2024-06-18 17:00:51,327 [INFO] IPUIPlugin:80 - create IPUIPlugin
2024-06-18 17:00:51,328 [INFO] PluginManager:220 - loadIPPluginJar : add genericplugin
2024-06-18 17:00:51,332 [INFO] IPUIPlugin:80 - create IPUIPlugin
2024-06-18 17:00:51,332 [INFO] PluginManager:220 - loadIPPluginJar : add gfxmmu
2024-06-18 17:00:51,340 [INFO] IPUIPlugin:80 - create IPUIPlugin
2024-06-18 17:00:51,340 [INFO] PluginManager:220 - loadIPPluginJar : add gic
2024-06-18 17:00:51,346 [INFO] IPUIPlugin:80 - create IPUIPlugin
2024-06-18 17:00:51,346 [INFO] PluginManager:220 - loadIPPluginJar : add gpio
2024-06-18 17:00:51,351 [INFO] IPUIPlugin:80 - create IPUIPlugin
2024-06-18 17:00:51,352 [INFO] PluginManager:220 - loadIPPluginJar : add gtzc
2024-06-18 17:00:51,357 [INFO] IPUIPlugin:80 - create IPUIPlugin
2024-06-18 17:00:51,357 [INFO] PluginManager:220 - loadIPPluginJar : add hash
2024-06-18 17:00:51,362 [INFO] IPUIPlugin:80 - create IPUIPlugin
2024-06-18 17:00:51,363 [INFO] PluginManager:220 - loadIPPluginJar : add i2c
2024-06-18 17:00:51,367 [INFO] IPUIPlugin:80 - create IPUIPlugin
2024-06-18 17:00:51,368 [INFO] PluginManager:220 - loadIPPluginJar : add i2s
2024-06-18 17:00:51,372 [INFO] IPUIPlugin:80 - create IPUIPlugin
2024-06-18 17:00:51,372 [INFO] PluginManager:220 - loadIPPluginJar : add i3c
2024-06-18 17:00:51,378 [INFO] IPUIPlugin:80 - create IPUIPlugin
2024-06-18 17:00:51,378 [INFO] PluginManager:220 - loadIPPluginJar : add ipddr
2024-06-18 17:00:51,388 [INFO] IPUIPlugin:80 - create IPUIPlugin
2024-06-18 17:00:51,388 [INFO] PluginManager:220 - loadIPPluginJar : add linkedlist
2024-06-18 17:00:51,393 [INFO] IPUIPlugin:80 - create IPUIPlugin
2024-06-18 17:00:51,393 [INFO] PluginManager:220 - loadIPPluginJar : add lorawan
2024-06-18 17:00:51,396 [INFO] IPUIPlugin:80 - create IPUIPlugin
2024-06-18 17:00:51,396 [INFO] PluginManager:220 - loadIPPluginJar : add ltdc
2024-06-18 17:00:51,410 [INFO] IPUIPlugin:80 - create IPUIPlugin
2024-06-18 17:00:51,410 [INFO] PluginManager:220 - loadIPPluginJar : add mdma
2024-06-18 17:00:51,416 [INFO] IPUIPlugin:80 - create IPUIPlugin
2024-06-18 17:00:51,416 [INFO] PluginManager:220 - loadIPPluginJar : add nvic
2024-06-18 17:00:51,421 [INFO] IPUIPlugin:80 - create IPUIPlugin
2024-06-18 17:00:51,421 [INFO] PluginManager:220 - loadIPPluginJar : add opamp
2024-06-18 17:00:51,427 [INFO] IPUIPlugin:80 - create IPUIPlugin
2024-06-18 17:00:51,427 [INFO] PluginManager:220 - loadIPPluginJar : add openamp
2024-06-18 17:00:51,431 [INFO] IPUIPlugin:80 - create IPUIPlugin
2024-06-18 17:00:51,432 [INFO] PluginManager:220 - loadIPPluginJar : add pdm2pcm
2024-06-18 17:00:51,440 [INFO] IPUIPlugin:80 - create IPUIPlugin
2024-06-18 17:00:51,443 [INFO] PluginManager:220 - loadIPPluginJar : add plateformsettings
2024-06-18 17:00:51,446 [INFO] IPUIPlugin:80 - create IPUIPlugin
2024-06-18 17:00:51,446 [INFO] PluginManager:220 - loadIPPluginJar : add quadspi
2024-06-18 17:00:51,452 [INFO] IPUIPlugin:80 - create IPUIPlugin
2024-06-18 17:00:51,452 [INFO] PluginManager:220 - loadIPPluginJar : add resmgrutility
2024-06-18 17:00:51,457 [INFO] IPUIPlugin:80 - create IPUIPlugin
2024-06-18 17:00:51,457 [INFO] PluginManager:220 - loadIPPluginJar : add sai
2024-06-18 17:00:51,462 [INFO] IPUIPlugin:80 - create IPUIPlugin
2024-06-18 17:00:51,462 [INFO] PluginManager:220 - loadIPPluginJar : add spi
2024-06-18 17:00:51,470 [INFO] IPUIPlugin:80 - create IPUIPlugin
2024-06-18 17:00:51,471 [INFO] PluginManager:220 - loadIPPluginJar : add stm32_wpan
2024-06-18 17:00:51,474 [INFO] IPUIPlugin:80 - create IPUIPlugin
2024-06-18 17:00:51,474 [INFO] PluginManager:220 - loadIPPluginJar : add tim
2024-06-18 17:00:51,479 [INFO] IPUIPlugin:80 - create IPUIPlugin
2024-06-18 17:00:51,480 [INFO] PluginManager:220 - loadIPPluginJar : add touchsensing
2024-06-18 17:00:51,483 [INFO] IPUIPlugin:80 - create IPUIPlugin
2024-06-18 17:00:51,483 [INFO] PluginManager:220 - loadIPPluginJar : add tracer_emb
2024-06-18 17:00:51,487 [INFO] IPUIPlugin:80 - create IPUIPlugin
2024-06-18 17:00:51,487 [INFO] PluginManager:220 - loadIPPluginJar : add ts
2024-06-18 17:00:51,490 [INFO] IPUIPlugin:80 - create IPUIPlugin
2024-06-18 17:00:51,490 [INFO] PluginManager:220 - loadIPPluginJar : add tsc
2024-06-18 17:00:51,493 [INFO] IPUIPlugin:80 - create IPUIPlugin
2024-06-18 17:00:51,493 [INFO] PluginManager:220 - loadIPPluginJar : add ucpd
2024-06-18 17:00:51,498 [INFO] IPUIPlugin:80 - create IPUIPlugin
2024-06-18 17:00:51,498 [INFO] PluginManager:220 - loadIPPluginJar : add usart
2024-06-18 17:00:51,503 [INFO] IPUIPlugin:80 - create IPUIPlugin
2024-06-18 17:00:51,503 [INFO] PluginManager:220 - loadIPPluginJar : add usbx
2024-06-18 17:00:51,651 [INFO] CADModel:165 - CPN selected for project level
2024-06-18 17:00:51,651 [INFO] CADModel:114 - Register for checkConnection events
2024-06-18 17:00:51,651 [FATAL] Updater:308 - Updater called before beeing initialized
2024-06-18 17:00:51,652 [ERROR] CADModel:125 - Updater not yet initialized, retry later 
2024-06-18 17:00:51,838 [INFO] CADModel:165 - CPN selected for project level
2024-06-18 17:00:51,838 [INFO] CADModel:114 - Register for checkConnection events
2024-06-18 17:00:51,839 [FATAL] Updater:308 - Updater called before beeing initialized
2024-06-18 17:00:51,839 [ERROR] CADModel:125 - Updater not yet initialized, retry later 
2024-06-18 17:00:51,843 [FATAL] Updater:308 - Updater called before beeing initialized
2024-06-18 17:00:52,015 [FATAL] Updater:308 - Updater called before beeing initialized
2024-06-18 17:00:52,022 [INFO] DbMcusAds:53 - JSON generation date=Thu May 16 02:22:01 PDT 2024 (1715851321456)
2024-06-18 17:00:52,022 [FATAL] Updater:308 - Updater called before beeing initialized
2024-06-18 17:00:52,093 [WARN] DetailPanel:346 - Failed to get advertising image, set to default
2024-06-18 17:00:52,223 [FATAL] Updater:308 - Updater called before beeing initialized
2024-06-18 17:00:52,225 [FATAL] Updater:308 - Updater called before beeing initialized
2024-06-18 17:00:52,225 [FATAL] Updater:308 - Updater called before beeing initialized
2024-06-18 17:00:52,225 [WARN] DetailPanel:346 - Failed to get advertising image, set to default
2024-06-18 17:00:52,226 [FATAL] Updater:308 - Updater called before beeing initialized
2024-06-18 17:00:52,275 [ERROR] Updater:1120 - MainUpdater not yet initialized. External WinMGr cannot be set.
2024-06-18 17:00:52,277 [INFO] Updater:1056 - Updater Version found : 6.11.1
2024-06-18 17:00:52,298 [INFO] ApplicationProperties:184 - Using Application install path: C:\ST\STM32CubeIDE_1.9.0\STM32CubeIDE\plugins\com.st.stm32cube.common.mx_6.11.1.202404110753
2024-06-18 17:00:52,660 [INFO] MainUpdater:2873 - connection check result : 10
2024-06-18 17:00:52,660 [INFO] MainUpdater:290 - Updater Check For Update Now.
2024-06-18 17:00:52,661 [INFO] MicroXplorer:498 - Change Database Version : DB.6.0.111
2024-06-18 17:00:52,669 [INFO] McuFinderGlobals:63 - Set McuFinder mode to 2 (CubeIDE integrated)
2024-06-18 17:00:52,669 [INFO] UserAuth:179 - activating auth plugin
2024-06-18 17:00:52,673 [INFO] UserAuth:415 - Internet connection configuration mode: 1
2024-06-18 17:00:52,704 [INFO] JxBrowserEngine:152 - Initiate JxBrowser Engine with user profile folder
2024-06-18 17:00:52,911 [INFO] CheckServerUpdateThread:120 - End of CheckServer Thread
2024-06-18 17:00:53,698 [WARN] PackLoader:240 - Cannot read IP mode file for STMicroelectronics.FP-SNS-MOTENVWB1.1.4.0
2024-06-18 17:00:53,718 [WARN] PackLoader:240 - Cannot read IP mode file for STMicroelectronics.X-CUBE-SMBUS.2.1.0
2024-06-18 17:00:53,734 [WARN] PackLoader:240 - Cannot read IP mode file for STMicroelectronics.X-CUBE-TOUCHGFX.4.23.0
2024-06-18 17:00:53,738 [WARN] PackLoader:240 - Cannot read IP mode file for STMicroelectronics.X-CUBE-TOUCHGFX.4.23.2
2024-06-18 17:00:53,793 [WARN] PackLoader:240 - Cannot read IP mode file for STMicroelectronics.X-CUBE-AZRTOS-F7.1.1.0
2024-06-18 17:00:53,812 [WARN] PackLoader:240 - Cannot read IP mode file for STMicroelectronics.FP-SNS-MOTENV1.4.3.2
2024-06-18 17:00:53,826 [WARN] PackLoader:240 - Cannot read IP mode file for STMicroelectronics.FP-SNS-FLIGHT1.5.0.1
2024-06-18 17:00:53,840 [WARN] PackLoader:240 - Cannot read IP mode file for STMicroelectronics.X-CUBE-BLE1.6.2.4
2024-06-18 17:00:53,846 [WARN] PackLoader:240 - Cannot read IP mode file for STMicroelectronics.FP-SNS-FLIGHT1.5.0.2
2024-06-18 17:00:53,859 [WARN] PackLoader:240 - Cannot read IP mode file for STMicroelectronics.X-CUBE-DISPLAY.3.0.0
2024-06-18 17:00:53,874 [WARN] PackLoader:240 - Cannot read IP mode file for STMicroelectronics.X-CUBE-BLE1.7.0.0
2024-06-18 17:00:53,885 [WARN] PackLoader:240 - Cannot read IP mode file for emotas.I-CUBE-CANOPEN.1.3.0
2024-06-18 17:00:53,890 [WARN] PackLoader:240 - Cannot read IP mode file for STMicroelectronics.X-CUBE-TOUCHGFX.4.22.0
2024-06-18 17:00:53,894 [WARN] PackLoader:240 - Cannot read IP mode file for STMicroelectronics.X-CUBE-TOUCHGFX.4.22.1
2024-06-18 17:00:53,911 [WARN] PackLoader:240 - Cannot read IP mode file for STMicroelectronics.X-CUBE-BLEMGR.3.1.0
2024-06-18 17:00:53,927 [WARN] PackLoader:240 - Cannot read IP mode file for STMicroelectronics.FP-SNS-SMARTAG2.1.2.0
2024-06-18 17:00:53,945 [INFO] LogOutputStream:77 - [STDOUT_REDIRECT] 1 : Invalid condition id : UX_CORESTACK_Condition cause : null
2024-06-18 17:00:53,946 [INFO] LogOutputStream:77 - [STDOUT_REDIRECT] 1 : Invalid condition id : UX_CORESTACK_Condition cause : null
2024-06-18 17:00:53,948 [INFO] LogOutputStream:77 - [STDOUT_REDIRECT] 1 : Invalid condition id : UX_CORESTACK_Condition cause : null
2024-06-18 17:00:53,951 [INFO] LogOutputStream:77 - [STDOUT_REDIRECT] 1 : Invalid condition id : UX_CORESTACK_Condition cause : null
2024-06-18 17:00:53,954 [INFO] LogOutputStream:77 - [STDOUT_REDIRECT] 1 : Invalid condition id : UX_CORESTACK_Condition cause : null
2024-06-18 17:00:53,961 [WARN] PackLoader:240 - Cannot read IP mode file for STMicroelectronics.X-CUBE-AZRTOS-WL.2.0.0
2024-06-18 17:00:53,971 [WARN] PackLoader:240 - Cannot read IP mode file for STMicroelectronics.FP-SNS-MOTENV1.5.0.0
2024-06-18 17:00:53,987 [WARN] PackLoader:240 - Cannot read IP mode file for WES.I-CUBE-Cesium.1.3.0
2024-06-18 17:00:53,996 [WARN] PackLoader:240 - Cannot read IP mode file for STMicroelectronics.X-CUBE-BLE2.3.3.0
2024-06-18 17:00:54,007 [WARN] PackLoader:240 - Cannot read IP mode file for STMicroelectronics.X-CUBE-TCPP.4.1.0
2024-06-18 17:00:54,019 [WARN] PackLoader:240 - Cannot read IP mode file for STMicroelectronics.X-CUBE-ALGOBUILD.1.3.0
2024-06-18 17:00:54,075 [WARN] PackLoader:240 - Cannot read IP mode file for STMicroelectronics.X-CUBE-AZRTOS-G0.1.1.0
2024-06-18 17:00:54,097 [WARN] PackLoader:240 - Cannot read IP mode file for STMicroelectronics.X-CUBE-SAFEA1.1.2.2
2024-06-18 17:00:54,106 [WARN] PackLoader:240 - Cannot read IP mode file for STMicroelectronics.X-CUBE-NFC4.3.0.0
2024-06-18 17:00:54,116 [WARN] PackLoader:240 - Cannot read IP mode file for wolfSSL.I-CUBE-wolfMQTT.1.18.0
2024-06-18 17:00:54,127 [WARN] PackLoader:240 - Cannot read IP mode file for STMicroelectronics.X-CUBE-BLEMGR.3.0.0
2024-06-18 17:00:54,139 [WARN] PackLoader:240 - Cannot read IP mode file for STMicroelectronics.FP-ATR-SIGFOX1.3.2.0
2024-06-18 17:00:54,158 [WARN] PackLoader:240 - Cannot read IP mode file for STMicroelectronics.X-CUBE-EEPRMA1.5.1.0
2024-06-18 17:00:54,213 [WARN] PackLoader:240 - Cannot read IP mode file for SEGGER.I-CUBE-embOS.1.3.1
2024-06-18 17:00:54,301 [WARN] PackLoader:240 - Cannot read IP mode file for STMicroelectronics.X-CUBE-ALGOBUILD.1.4.0
2024-06-18 17:00:54,310 [WARN] PackLoader:240 - Cannot read IP mode file for STMicroelectronics.X-CUBE-GNSS1.6.0.0
2024-06-18 17:00:54,338 [WARN] PackLoader:240 - Cannot read IP mode file for STMicroelectronics.X-CUBE-AZRTOS-F4.1.1.0
2024-06-18 17:00:54,347 [WARN] PackLoader:240 - Cannot read IP mode file for wolfSSL.I-CUBE-wolfSSL.5.6.3
2024-06-18 17:00:54,355 [WARN] PackLoader:240 - Cannot read IP mode file for STMicroelectronics.X-CUBE-FREERTOS.1.2.0
2024-06-18 17:00:54,380 [WARN] PackLoader:240 - Cannot read IP mode file for STMicroelectronics.X-CUBE-AZRTOS-L5.2.0.0
2024-06-18 17:00:54,452 [WARN] PackLoader:240 - Cannot read IP mode file for STMicroelectronics.X-CUBE-MEMS1.9.6.0
2024-06-18 17:00:54,738 [WARN] PackLoader:240 - Cannot read IP mode file for STMicroelectronics.X-CUBE-EEPRMA1.4.2.0
2024-06-18 17:00:54,757 [WARN] PackLoader:240 - Cannot read IP mode file for STMicroelectronics.X-CUBE-NFC6.3.1.0
2024-06-18 17:00:54,773 [WARN] PackLoader:240 - Cannot read IP mode file for ITTIA_DB.I-CUBE-ITTIADB.8.8.0
2024-06-18 17:00:54,786 [WARN] PackLoader:240 - Cannot read IP mode file for STMicroelectronics.X-CUBE-BLEMGR.2.0.0
2024-06-18 17:00:54,794 [WARN] PackLoader:240 - Cannot read IP mode file for STMicroelectronics.X-CUBE-AI.9.0.0
2024-06-18 17:00:54,820 [WARN] ConditionMgr:438 - getConditionDescription Invalid condition id : UX DEVICE CLASS RTOS Condition cause : null
2024-06-18 17:00:54,823 [WARN] ConditionMgr:438 - getConditionDescription Invalid condition id : UX DEVICE CLASS RTOS Condition cause : null
2024-06-18 17:00:54,845 [WARN] PackLoader:240 - Cannot read IP mode file for STMicroelectronics.X-CUBE-AZRTOS-H7.3.1.0
2024-06-18 17:00:54,847 [WARN] ConditionMgr:1039 - genDependencies : Invalid condition id : UX DEVICE CLASS RTOS Condition cause : null
2024-06-18 17:00:54,847 [WARN] ConditionMgr:1039 - genDependencies : Invalid condition id : UX DEVICE CLASS RTOS Condition cause : null
2024-06-18 17:00:54,854 [WARN] ConditionMgr:1039 - genDependencies : Invalid condition id : UX DEVICE CLASS RTOS Condition cause : null
2024-06-18 17:00:54,855 [WARN] ConditionMgr:1039 - genDependencies : Invalid condition id : UX DEVICE CLASS RTOS Condition cause : null
2024-06-18 17:00:54,855 [WARN] ConditionMgr:1039 - genDependencies : Invalid condition id : UX DEVICE CLASS RTOS Condition cause : null
2024-06-18 17:00:54,868 [WARN] PackLoader:240 - Cannot read IP mode file for STMicroelectronics.X-CUBE-NFC7.1.0.1
2024-06-18 17:00:54,872 [INFO] WebApp:161 - Instantiating new browser for Auth
2024-06-18 17:00:54,877 [WARN] PackLoader:240 - Cannot read IP mode file for STMicroelectronics.X-CUBE-NFC6.3.0.0
2024-06-18 17:00:54,887 [WARN] PackLoader:240 - Cannot read IP mode file for STMicroelectronics.X-CUBE-EEPRMA1.4.1.0
2024-06-18 17:00:54,893 [WARN] PackLoader:240 - Cannot read IP mode file for STMicroelectronics.X-CUBE-AI.8.1.0
2024-06-18 17:00:54,930 [WARN] ConditionMgr:438 - getConditionDescription Invalid condition id : LAN8742 Phy interface Condition cause : null
2024-06-18 17:00:54,931 [WARN] PackLoader:240 - Cannot read IP mode file for STMicroelectronics.X-CUBE-AZRTOS-L4.2.0.0
2024-06-18 17:00:54,933 [WARN] ConditionMgr:1039 - genDependencies : Invalid condition id : LAN8742 Phy interface Condition cause : null
2024-06-18 17:00:54,933 [WARN] ConditionMgr:1039 - genDependencies : Invalid condition id : LAN8742 Phy interface Condition cause : null
2024-06-18 17:00:54,934 [WARN] ConditionMgr:1039 - genDependencies : Invalid condition id : LAN8742 Phy interface Condition cause : null
2024-06-18 17:00:54,947 [WARN] PackLoader:240 - Cannot read IP mode file for STMicroelectronics.X-CUBE-SFXS2LP1.4.0.0
2024-06-18 17:00:54,956 [WARN] PackLoader:240 - Cannot read IP mode file for STMicroelectronics.X-CUBE-ISPU.1.1.0
2024-06-18 17:00:55,002 [WARN] ConditionMgr:438 - getConditionDescription Invalid condition id : UX DEVICE CLASS RTOS Condition cause : null
2024-06-18 17:00:55,002 [WARN] ConditionMgr:438 - getConditionDescription Invalid condition id : UX DEVICE CLASS RTOS Condition cause : null
2024-06-18 17:00:55,005 [WARN] PackLoader:240 - Cannot read IP mode file for STMicroelectronics.X-CUBE-AZRTOS-WB.2.0.0
2024-06-18 17:00:55,006 [WARN] ConditionMgr:1039 - genDependencies : Invalid condition id : UX DEVICE CLASS RTOS Condition cause : null
2024-06-18 17:00:55,007 [WARN] ConditionMgr:1039 - genDependencies : Invalid condition id : UX DEVICE CLASS RTOS Condition cause : null
2024-06-18 17:00:55,007 [WARN] ConditionMgr:1039 - genDependencies : Invalid condition id : UX DEVICE CLASS RTOS Condition cause : null
2024-06-18 17:00:55,008 [WARN] ConditionMgr:1039 - genDependencies : Invalid condition id : UX DEVICE CLASS RTOS Condition cause : null
2024-06-18 17:00:55,008 [WARN] ConditionMgr:1039 - genDependencies : Invalid condition id : UX DEVICE CLASS RTOS Condition cause : null
2024-06-18 17:00:55,014 [WARN] PackLoader:240 - Cannot read IP mode file for STMicroelectronics.X-CUBE-FREERTOS.1.0.1
2024-06-18 17:00:55,035 [WARN] PackLoader:240 - Cannot read IP mode file for STMicroelectronics.X-CUBE-AZRTOS-L5.1.1.0
2024-06-18 17:00:55,042 [WARN] PackLoader:240 - Cannot read IP mode file for STMicroelectronics.X-CUBE-AI.8.0.1
2024-06-18 17:00:55,057 [WARN] PackLoader:240 - Cannot read IP mode file for STMicroelectronics.X-CUBE-SUBG2.5.0.0
2024-06-18 17:00:55,080 [WARN] PackLoader:240 - Cannot read IP mode file for Cesanta.I-CUBE-Mongoose.7.13.0
2024-06-18 17:00:55,105 [WARN] PackLoader:240 - Cannot read IP mode file for STMicroelectronics.X-CUBE-TOF1.3.3.1
2024-06-18 17:00:55,139 [WARN] PackLoader:240 - Cannot read IP mode file for STMicroelectronics.X-CUBE-AZRTOS-G4.2.0.0
2024-06-18 17:00:55,161 [WARN] PackLoader:240 - Cannot read IP mode file for Infineon.AIROC-Wi-Fi-Bluetooth-STM32.1.5.1
2024-06-18 17:00:55,179 [WARN] PackLoader:240 - Cannot read IP mode file for STMicroelectronics.FP-SNS-MOTENVWB1.1.3.0
2024-06-18 17:00:55,213 [WARN] PackLoader:240 - Cannot read IP mode file for STMicroelectronics.FP-SNS-MOTENVWB1.1.3.1
2024-06-18 17:00:55,219 [WARN] PackLoader:240 - Cannot read IP mode file for STMicroelectronics.X-CUBE-ISPU.2.0.0
2024-06-18 17:00:55,228 [WARN] PackLoader:240 - Cannot read IP mode file for STMicroelectronics.X-CUBE-ALS.1.0.2
2024-06-18 17:00:55,287 [WARN] PackLoader:240 - Cannot read IP mode file for STMicroelectronics.X-CUBE-MEMS1.10.0.0
2024-06-18 17:00:55,509 [WARN] PackLoader:240 - Cannot read IP mode file for STMicroelectronics.X-CUBE-FREERTOS.1.1.0
2024-06-18 17:00:55,567 [WARN] PackLoader:240 - Cannot read IP mode file for portGmbH.I-Cube-SoM-uGOAL.1.1.0
2024-06-18 17:00:55,573 [WARN] PackLoader:240 - Cannot read IP mode file for STMicroelectronics.X-CUBE-ALS.1.0.1
2024-06-18 17:00:55,591 [WARN] PackLoader:240 - Cannot read IP mode file for STMicroelectronics.X-CUBE-AZRTOS-WB.1.1.0
2024-06-18 17:00:55,694 [WARN] PackLoader:240 - Cannot read IP mode file for STMicroelectronics.X-CUBE-AZRTOS-H7RS.1.0.0
2024-06-18 17:00:55,705 [WARN] PackLoader:240 - Cannot read IP mode file for STMicroelectronics.FP-ATR-ASTRA1.2.0.0
2024-06-18 17:00:55,728 [WARN] PackLoader:240 - Cannot read IP mode file for STMicroelectronics.X-CUBE-TOF1.3.4.0
2024-06-18 17:00:55,777 [WARN] PackLoader:240 - Cannot read IP mode file for STMicroelectronics.X-CUBE-TOF1.3.4.1
2024-06-18 17:00:55,822 [WARN] PackLoader:240 - Cannot read IP mode file for STMicroelectronics.X-CUBE-AZRTOS-H7.3.2.0
2024-06-18 17:00:55,827 [INFO] ThirdParty:978 - Integrity check success = true
2024-06-18 17:00:55,827 [INFO] IntegrityCheckThread:100 - exiting critical section [integrity check]
2024-06-18 17:00:55,828 [INFO] IntegrityCheckThread:103 - End integrity checks thread
2024-06-18 17:00:56,558 [INFO] WebApp:779 - Register for checkConnection events
2024-06-18 17:00:56,559 [INFO] WebApp:414 - Apply proxy settings
2024-06-18 17:00:56,559 [INFO] WebApp:499 - Chromium requires no authentication
2024-06-18 17:00:56,571 [INFO] WebApp:442 - Direct internet connection detected
2024-06-18 17:00:56,892 [INFO] WebApp:192 - Starting web application
2024-06-18 17:00:56,892 [INFO] WebApp:544 - Web application path used C:\ST\STM32CubeIDE_1.9.0\STM32CubeIDE\plugins\com.st.stm32cube.common.mx_6.11.1.202404110753\db\plugins\mcufinder\reactClient1\index.html
