2024-06-20 13:33:24,269 [ERROR] LogOutputStream:75 - [STDERR_REDIRECT] 
2024-06-20 21:30:55,532 [INFO] Activator:176 - 


2024-06-20 21:30:55,535 [INFO] Activator:177 - !SESSION log4j initialized
2024-06-20 21:31:03,236 [INFO] LogOutputStream:77 - [STDOUT_REDIRECT] 
2024-06-20 21:31:10,479 [INFO] ApplicationProperties:184 - Using Application install path: C:\ST\STM32CubeIDE_1.9.0\STM32CubeIDE\plugins\com.st.stm32cube.common.mx_6.11.1.202404110753
2024-06-20 21:31:10,507 [INFO] DbMcusXml:78 - Set database path to: C:\ST\STM32CubeIDE_1.9.0\STM32CubeIDE\plugins\com.st.stm32cube.common.mx_6.11.1.202404110753\\db\/mcu/
2024-06-20 21:31:10,508 [INFO] ApiDb:274 - Set plugin database path to: C:\ST\STM32CubeIDE_1.9.0\STM32CubeIDE\plugins\com.st.stm32cube.common.mx_6.11.1.202404110753\\db\/plugins/boardmanager/
2024-06-20 21:31:10,508 [WARN] ApiDb:259 - Overriding images path with different value:  => C:\ST\STM32CubeIDE_1.9.0\STM32CubeIDE\plugins\com.st.stm32cube.common.mx_6.11.1.202404110753\\db\/plugins/mcufinder/images/
2024-06-20 21:31:10,518 [INFO] ApiDb:250 - Set database path to: C:\Users\hsuankai.chang\.stmcufinder\plugins\mcufinder//mcu/
2024-06-20 21:31:10,519 [INFO] DbMcusAds:125 - Set database path to: C:\Users\hsuankai.chang\.stmcufinder\plugins\mcufinder//mcu/
2024-06-20 21:31:10,521 [INFO] CrossReferenceDbSqlite:203 - Set database path to: C:\Users\hsuankai.chang\.stmcufinder\plugins\mcufinder//mcu/cs/
2024-06-20 21:31:10,704 [INFO] RulesReader:64 - Compatibility file has been processed (297 Rules)
2024-06-20 21:31:10,829 [INFO] DbMcusXml:78 - Set database path to: C:\ST\STM32CubeIDE_1.9.0\STM32CubeIDE\plugins\com.st.stm32cube.common.mx_6.11.1.202404110753\\db\/mcu/
2024-06-20 21:31:10,829 [INFO] ApiDb:274 - Set plugin database path to: C:\ST\STM32CubeIDE_1.9.0\STM32CubeIDE\plugins\com.st.stm32cube.common.mx_6.11.1.202404110753\\db\/plugins/boardmanager/
2024-06-20 21:31:10,830 [INFO] ApiDb:261 - Set plugin images path to: C:\ST\STM32CubeIDE_1.9.0\STM32CubeIDE\plugins\com.st.stm32cube.common.mx_6.11.1.202404110753\\db\/plugins/mcufinder/images/
2024-06-20 21:31:10,830 [WARN] DbFile:41 - Overriding database path with different value: C:\Users\hsuankai.chang\.stmcufinder\plugins\mcufinder/ => C:\Users\hsuankai.chang\.stmcufinder\plugins\mcufinder
2024-06-20 21:31:10,830 [INFO] ApiDb:250 - Set database path to: C:\Users\hsuankai.chang\.stmcufinder\plugins\mcufinder//mcu/
2024-06-20 21:31:10,830 [WARN] DbFile:41 - Overriding database path with different value: C:\Users\hsuankai.chang\.stmcufinder\plugins\mcufinder/ => C:\Users\hsuankai.chang\.stmcufinder\plugins\mcufinder
2024-06-20 21:31:10,830 [INFO] DbMcusAds:125 - Set database path to: C:\Users\hsuankai.chang\.stmcufinder\plugins\mcufinder//mcu/
2024-06-20 21:31:10,830 [WARN] DbFile:41 - Overriding database path with different value: C:\Users\hsuankai.chang\.stmcufinder\plugins\mcufinder/ => C:\Users\hsuankai.chang\.stmcufinder\plugins\mcufinder
2024-06-20 21:31:10,830 [WARN] DbFile:41 - Overriding database path with different value: C:\Users\hsuankai.chang\.stmcufinder\plugins\mcufinder/ => C:\Users\hsuankai.chang\.stmcufinder\plugins\mcufinder
2024-06-20 21:31:10,830 [INFO] CrossReferenceDbSqlite:203 - Set database path to: C:\Users\hsuankai.chang\.stmcufinder\plugins\mcufinder//mcu/cs/
2024-06-20 21:31:10,939 [INFO] MainPanel:264 - HeapMemory: 268435456
2024-06-20 21:31:11,095 [INFO] DbMcusXml:78 - Set database path to: C:\ST\STM32CubeIDE_1.9.0\STM32CubeIDE\plugins\com.st.stm32cube.common.mx_6.11.1.202404110753\\db\/mcu/
2024-06-20 21:31:11,095 [INFO] ApiDb:274 - Set plugin database path to: C:\ST\STM32CubeIDE_1.9.0\STM32CubeIDE\plugins\com.st.stm32cube.common.mx_6.11.1.202404110753\\db\/plugins/boardmanager/
2024-06-20 21:31:11,095 [INFO] ApiDb:261 - Set plugin images path to: C:\ST\STM32CubeIDE_1.9.0\STM32CubeIDE\plugins\com.st.stm32cube.common.mx_6.11.1.202404110753\\db\/plugins/mcufinder/images/
2024-06-20 21:31:11,095 [WARN] DbFile:41 - Overriding database path with different value: C:\Users\hsuankai.chang\.stmcufinder\plugins\mcufinder/ => C:\Users\hsuankai.chang\.stmcufinder\plugins\mcufinder
2024-06-20 21:31:11,096 [INFO] ApiDb:250 - Set database path to: C:\Users\hsuankai.chang\.stmcufinder\plugins\mcufinder//mcu/
2024-06-20 21:31:11,096 [WARN] DbFile:41 - Overriding database path with different value: C:\Users\hsuankai.chang\.stmcufinder\plugins\mcufinder/ => C:\Users\hsuankai.chang\.stmcufinder\plugins\mcufinder
2024-06-20 21:31:11,096 [INFO] DbMcusAds:125 - Set database path to: C:\Users\hsuankai.chang\.stmcufinder\plugins\mcufinder//mcu/
2024-06-20 21:31:11,096 [WARN] DbFile:41 - Overriding database path with different value: C:\Users\hsuankai.chang\.stmcufinder\plugins\mcufinder/ => C:\Users\hsuankai.chang\.stmcufinder\plugins\mcufinder
2024-06-20 21:31:11,096 [WARN] DbFile:41 - Overriding database path with different value: C:\Users\hsuankai.chang\.stmcufinder\plugins\mcufinder/ => C:\Users\hsuankai.chang\.stmcufinder\plugins\mcufinder
2024-06-20 21:31:11,096 [INFO] CrossReferenceDbSqlite:203 - Set database path to: C:\Users\hsuankai.chang\.stmcufinder\plugins\mcufinder//mcu/cs/
2024-06-20 21:31:11,122 [INFO] ApplicationProperties:184 - Using Application install path: C:\ST\STM32CubeIDE_1.9.0\STM32CubeIDE\plugins\com.st.stm32cube.common.mx_6.11.1.202404110753
2024-06-20 21:31:11,124 [INFO] PluginManage:196 - Search for loadable plugins [exclusion list=, ]
2024-06-20 21:31:11,126 [INFO] PluginManage:310 - Check plugin analytics
2024-06-20 21:31:15,934 [INFO] AnalyticsPlugin:253 - Accepted Software Licenses: 
2024-06-20 21:31:15,934 [INFO] AnalyticsPlugin:255 - Accepted CMSIS Pack Licenses: 
2024-06-20 21:31:15,935 [INFO] AnalyticsPlugin:257 - Accepted Firmware Licenses: 
2024-06-20 21:31:15,941 [INFO] PluginManage:359 - Loaded plugin analytics (category:tool,tabindex:-1)
2024-06-20 21:31:15,941 [INFO] PluginManage:310 - Check plugin cadmodel
2024-06-20 21:31:15,951 [INFO] CADModel:105 - Init CAD model plugin
2024-06-20 21:31:15,951 [INFO] PluginManage:359 - Loaded plugin cadmodel (category:power,tabindex:5)
2024-06-20 21:31:15,951 [INFO] PluginManage:310 - Check plugin clock
2024-06-20 21:31:15,962 [INFO] PluginManage:359 - Loaded plugin clock (category:base,tabindex:2)
2024-06-20 21:31:15,963 [INFO] PluginManage:310 - Check plugin ddr
2024-06-20 21:31:15,967 [INFO] PluginManage:359 - Loaded plugin ddr (category:tool,tabindex:6)
2024-06-20 21:31:15,968 [INFO] PluginManage:310 - Check plugin filemanager
2024-06-20 21:31:16,149 [INFO] PluginManage:359 - Loaded plugin filemanager (category:base,tabindex:10)
2024-06-20 21:31:16,149 [INFO] PluginManage:310 - Check plugin ipmanager
2024-06-20 21:31:16,163 [INFO] PluginManage:359 - Loaded plugin ipmanager (category:base,tabindex:5)
2024-06-20 21:31:16,163 [INFO] PluginManage:310 - Check plugin lpbam
2024-06-20 21:31:16,174 [INFO] PluginManage:359 - Loaded plugin lpbam (category:base,tabindex:0)
2024-06-20 21:31:16,174 [INFO] PluginManage:310 - Check plugin memorymap
2024-06-20 21:31:16,189 [INFO] PluginManage:359 - Loaded plugin memorymap (category:base,tabindex:4)
2024-06-20 21:31:16,189 [INFO] PluginManage:310 - Check plugin pinoutandconfiguration
2024-06-20 21:31:16,198 [INFO] PluginManage:359 - Loaded plugin pinoutandconfiguration (category:base,tabindex:1)
2024-06-20 21:31:16,198 [INFO] PluginManage:310 - Check plugin pinoutconfig
2024-06-20 21:31:16,323 [WARN] SupportedApi:132 - Cannot load RTOS API schema: s4s-elt-must-match.1: The content of 'definitions' must match (annotation?, (simpleType | complexType)?, (unique | key | keyref)*)). A problem was found starting at: attribute.
2024-06-20 21:31:16,512 [INFO] PluginManage:359 - Loaded plugin pinoutconfig (category:base,tabindex:0)
2024-06-20 21:31:16,512 [INFO] PluginManage:310 - Check plugin power
2024-06-20 21:31:16,525 [INFO] PluginManage:359 - Loaded plugin power (category:power,tabindex:4)
2024-06-20 21:31:16,525 [INFO] PluginManage:310 - Check plugin projectmanager
2024-06-20 21:31:16,552 [INFO] PluginManage:359 - Loaded plugin projectmanager (category:projectmanager,tabindex:3)
2024-06-20 21:31:16,553 [INFO] PluginManage:310 - Check plugin thirdparty
2024-06-20 21:31:16,736 [INFO] PluginManage:359 - Loaded plugin thirdparty (category:base,tabindex:-1)
2024-06-20 21:31:16,736 [WARN] IntegrityCheckThread:84 - waiting for thirdparty lock release [integrity check]
2024-06-20 21:31:16,736 [INFO] PluginManage:310 - Check plugin tools
2024-06-20 21:31:16,736 [INFO] IntegrityCheckThread:86 - entering critical section [integrity check]
2024-06-20 21:31:16,737 [INFO] ThirdPartyUpdaterWithRetryManager:70 - Updater plugin not ready yet. [1/15]
2024-06-20 21:31:16,740 [INFO] PluginManage:359 - Loaded plugin tools (category:base,tabindex:7)
2024-06-20 21:31:16,740 [INFO] PluginManage:310 - Check plugin tutovideos
2024-06-20 21:31:16,959 [INFO] PluginManage:359 - Loaded plugin tutovideos (category:base,tabindex:-1)
2024-06-20 21:31:16,959 [INFO] PluginManage:310 - Check plugin updater
2024-06-20 21:31:16,972 [INFO] PluginManage:359 - Loaded plugin updater (category:base,tabindex:12)
2024-06-20 21:31:16,973 [INFO] PluginManage:310 - Check plugin userauth
2024-06-20 21:31:16,979 [INFO] UserAuth:114 - Init User Auth plugin
2024-06-20 21:31:16,979 [INFO] PluginManage:359 - Loaded plugin userauth (category:base,tabindex:14)
2024-06-20 21:31:16,979 [INFO] PluginManage:283 - PluginManage : Loaded plugins [17]
2024-06-20 21:31:17,275 [INFO] PinOutPanel:1561 - setPackage(No Configuration,No Configuration)
2024-06-20 21:31:17,403 [INFO] CADModel:165 - CPN selected for project level
2024-06-20 21:31:17,403 [INFO] CADModel:114 - Register for checkConnection events
2024-06-20 21:31:17,428 [INFO] IPUIPlugin:80 - create IPUIPlugin
2024-06-20 21:31:17,428 [INFO] PluginManager:220 - loadIPPluginJar : add adc
2024-06-20 21:31:17,432 [INFO] IPUIPlugin:80 - create IPUIPlugin
2024-06-20 21:31:17,433 [INFO] PluginManager:220 - loadIPPluginJar : add aes
2024-06-20 21:31:17,436 [INFO] IPUIPlugin:80 - create IPUIPlugin
2024-06-20 21:31:17,436 [INFO] PluginManager:220 - loadIPPluginJar : add can
2024-06-20 21:31:17,438 [INFO] IPUIPlugin:80 - create IPUIPlugin
2024-06-20 21:31:17,438 [INFO] PluginManager:220 - loadIPPluginJar : add comp
2024-06-20 21:31:17,441 [INFO] IPUIPlugin:80 - create IPUIPlugin
2024-06-20 21:31:17,442 [INFO] PluginManager:220 - loadIPPluginJar : add cryp
2024-06-20 21:31:17,445 [INFO] IPUIPlugin:80 - create IPUIPlugin
2024-06-20 21:31:17,446 [INFO] PluginManager:220 - loadIPPluginJar : add dfsdm
2024-06-20 21:31:17,454 [INFO] IPUIPlugin:80 - create IPUIPlugin
2024-06-20 21:31:17,455 [INFO] PluginManager:220 - loadIPPluginJar : add dma
2024-06-20 21:31:17,458 [INFO] IPUIPlugin:80 - create IPUIPlugin
2024-06-20 21:31:17,458 [INFO] PluginManager:220 - loadIPPluginJar : add dma3
2024-06-20 21:31:17,463 [INFO] IPUIPlugin:80 - create IPUIPlugin
2024-06-20 21:31:17,464 [INFO] PluginManager:220 - loadIPPluginJar : add extmemmanager
2024-06-20 21:31:17,466 [INFO] IPUIPlugin:80 - create IPUIPlugin
2024-06-20 21:31:17,467 [INFO] PluginManager:220 - loadIPPluginJar : add fatfs
2024-06-20 21:31:17,473 [INFO] IPUIPlugin:80 - create IPUIPlugin
2024-06-20 21:31:17,474 [INFO] PluginManager:220 - loadIPPluginJar : add fmc
2024-06-20 21:31:17,482 [INFO] IPUIPlugin:80 - create IPUIPlugin
2024-06-20 21:31:17,482 [INFO] PluginManager:220 - loadIPPluginJar : add freertos
2024-06-20 21:31:17,485 [INFO] IPUIPlugin:80 - create IPUIPlugin
2024-06-20 21:31:17,485 [INFO] PluginManager:220 - loadIPPluginJar : add genericplugin
2024-06-20 21:31:17,488 [INFO] IPUIPlugin:80 - create IPUIPlugin
2024-06-20 21:31:17,489 [INFO] PluginManager:220 - loadIPPluginJar : add gfxmmu
2024-06-20 21:31:17,495 [INFO] IPUIPlugin:80 - create IPUIPlugin
2024-06-20 21:31:17,496 [INFO] PluginManager:220 - loadIPPluginJar : add gic
2024-06-20 21:31:17,500 [INFO] IPUIPlugin:80 - create IPUIPlugin
2024-06-20 21:31:17,501 [INFO] PluginManager:220 - loadIPPluginJar : add gpio
2024-06-20 21:31:17,505 [INFO] IPUIPlugin:80 - create IPUIPlugin
2024-06-20 21:31:17,505 [INFO] PluginManager:220 - loadIPPluginJar : add gtzc
2024-06-20 21:31:17,509 [INFO] IPUIPlugin:80 - create IPUIPlugin
2024-06-20 21:31:17,509 [INFO] PluginManager:220 - loadIPPluginJar : add hash
2024-06-20 21:31:17,513 [INFO] IPUIPlugin:80 - create IPUIPlugin
2024-06-20 21:31:17,513 [INFO] PluginManager:220 - loadIPPluginJar : add i2c
2024-06-20 21:31:17,517 [INFO] IPUIPlugin:80 - create IPUIPlugin
2024-06-20 21:31:17,518 [INFO] PluginManager:220 - loadIPPluginJar : add i2s
2024-06-20 21:31:17,522 [INFO] IPUIPlugin:80 - create IPUIPlugin
2024-06-20 21:31:17,522 [INFO] PluginManager:220 - loadIPPluginJar : add i3c
2024-06-20 21:31:17,527 [INFO] IPUIPlugin:80 - create IPUIPlugin
2024-06-20 21:31:17,528 [INFO] PluginManager:220 - loadIPPluginJar : add ipddr
2024-06-20 21:31:17,537 [INFO] IPUIPlugin:80 - create IPUIPlugin
2024-06-20 21:31:17,537 [INFO] PluginManager:220 - loadIPPluginJar : add linkedlist
2024-06-20 21:31:17,542 [INFO] IPUIPlugin:80 - create IPUIPlugin
2024-06-20 21:31:17,542 [INFO] PluginManager:220 - loadIPPluginJar : add lorawan
2024-06-20 21:31:17,544 [INFO] IPUIPlugin:80 - create IPUIPlugin
2024-06-20 21:31:17,544 [INFO] PluginManager:220 - loadIPPluginJar : add ltdc
2024-06-20 21:31:17,553 [INFO] IPUIPlugin:80 - create IPUIPlugin
2024-06-20 21:31:17,553 [INFO] PluginManager:220 - loadIPPluginJar : add mdma
2024-06-20 21:31:17,558 [INFO] IPUIPlugin:80 - create IPUIPlugin
2024-06-20 21:31:17,558 [INFO] PluginManager:220 - loadIPPluginJar : add nvic
2024-06-20 21:31:17,563 [INFO] IPUIPlugin:80 - create IPUIPlugin
2024-06-20 21:31:17,563 [INFO] PluginManager:220 - loadIPPluginJar : add opamp
2024-06-20 21:31:17,569 [INFO] IPUIPlugin:80 - create IPUIPlugin
2024-06-20 21:31:17,569 [INFO] PluginManager:220 - loadIPPluginJar : add openamp
2024-06-20 21:31:17,574 [INFO] IPUIPlugin:80 - create IPUIPlugin
2024-06-20 21:31:17,574 [INFO] PluginManager:220 - loadIPPluginJar : add pdm2pcm
2024-06-20 21:31:17,584 [INFO] IPUIPlugin:80 - create IPUIPlugin
2024-06-20 21:31:17,588 [INFO] PluginManager:220 - loadIPPluginJar : add plateformsettings
2024-06-20 21:31:17,590 [INFO] IPUIPlugin:80 - create IPUIPlugin
2024-06-20 21:31:17,591 [INFO] PluginManager:220 - loadIPPluginJar : add quadspi
2024-06-20 21:31:17,596 [INFO] IPUIPlugin:80 - create IPUIPlugin
2024-06-20 21:31:17,596 [INFO] PluginManager:220 - loadIPPluginJar : add resmgrutility
2024-06-20 21:31:17,601 [INFO] IPUIPlugin:80 - create IPUIPlugin
2024-06-20 21:31:17,601 [INFO] PluginManager:220 - loadIPPluginJar : add sai
2024-06-20 21:31:17,605 [INFO] IPUIPlugin:80 - create IPUIPlugin
2024-06-20 21:31:17,605 [INFO] PluginManager:220 - loadIPPluginJar : add spi
2024-06-20 21:31:17,613 [INFO] IPUIPlugin:80 - create IPUIPlugin
2024-06-20 21:31:17,613 [INFO] PluginManager:220 - loadIPPluginJar : add stm32_wpan
2024-06-20 21:31:17,616 [INFO] IPUIPlugin:80 - create IPUIPlugin
2024-06-20 21:31:17,617 [INFO] PluginManager:220 - loadIPPluginJar : add tim
2024-06-20 21:31:17,622 [INFO] IPUIPlugin:80 - create IPUIPlugin
2024-06-20 21:31:17,623 [INFO] PluginManager:220 - loadIPPluginJar : add touchsensing
2024-06-20 21:31:17,626 [INFO] IPUIPlugin:80 - create IPUIPlugin
2024-06-20 21:31:17,626 [INFO] PluginManager:220 - loadIPPluginJar : add tracer_emb
2024-06-20 21:31:17,628 [INFO] IPUIPlugin:80 - create IPUIPlugin
2024-06-20 21:31:17,628 [INFO] PluginManager:220 - loadIPPluginJar : add ts
2024-06-20 21:31:17,630 [INFO] IPUIPlugin:80 - create IPUIPlugin
2024-06-20 21:31:17,631 [INFO] PluginManager:220 - loadIPPluginJar : add tsc
2024-06-20 21:31:17,634 [INFO] IPUIPlugin:80 - create IPUIPlugin
2024-06-20 21:31:17,634 [INFO] PluginManager:220 - loadIPPluginJar : add ucpd
2024-06-20 21:31:17,638 [INFO] IPUIPlugin:80 - create IPUIPlugin
2024-06-20 21:31:17,638 [INFO] PluginManager:220 - loadIPPluginJar : add usart
2024-06-20 21:31:17,643 [INFO] IPUIPlugin:80 - create IPUIPlugin
2024-06-20 21:31:17,643 [INFO] PluginManager:220 - loadIPPluginJar : add usbx
2024-06-20 21:31:17,792 [INFO] CADModel:165 - CPN selected for project level
2024-06-20 21:31:17,793 [INFO] CADModel:114 - Register for checkConnection events
2024-06-20 21:31:17,794 [FATAL] Updater:308 - Updater called before beeing initialized
2024-06-20 21:31:17,795 [ERROR] CADModel:125 - Updater not yet initialized, retry later 
2024-06-20 21:31:17,987 [INFO] CADModel:165 - CPN selected for project level
2024-06-20 21:31:17,987 [INFO] CADModel:114 - Register for checkConnection events
2024-06-20 21:31:17,987 [FATAL] Updater:308 - Updater called before beeing initialized
2024-06-20 21:31:17,987 [ERROR] CADModel:125 - Updater not yet initialized, retry later 
2024-06-20 21:31:17,991 [FATAL] Updater:308 - Updater called before beeing initialized
2024-06-20 21:31:18,143 [FATAL] Updater:308 - Updater called before beeing initialized
2024-06-20 21:31:18,151 [INFO] DbMcusAds:53 - JSON generation date=Thu May 16 02:22:01 PDT 2024 (1715851321456)
2024-06-20 21:31:18,152 [FATAL] Updater:308 - Updater called before beeing initialized
2024-06-20 21:31:18,203 [WARN] DetailPanel:346 - Failed to get advertising image, set to default
2024-06-20 21:31:18,326 [FATAL] Updater:308 - Updater called before beeing initialized
2024-06-20 21:31:18,327 [FATAL] Updater:308 - Updater called before beeing initialized
2024-06-20 21:31:18,327 [FATAL] Updater:308 - Updater called before beeing initialized
2024-06-20 21:31:18,327 [WARN] DetailPanel:346 - Failed to get advertising image, set to default
2024-06-20 21:31:18,328 [FATAL] Updater:308 - Updater called before beeing initialized
2024-06-20 21:31:18,386 [ERROR] Updater:1120 - MainUpdater not yet initialized. External WinMGr cannot be set.
2024-06-20 21:31:18,390 [INFO] Updater:1056 - Updater Version found : 6.11.1
2024-06-20 21:31:18,413 [INFO] ApplicationProperties:184 - Using Application install path: C:\ST\STM32CubeIDE_1.9.0\STM32CubeIDE\plugins\com.st.stm32cube.common.mx_6.11.1.202404110753
2024-06-20 21:31:18,836 [INFO] MainUpdater:2873 - connection check result : 10
2024-06-20 21:31:18,837 [INFO] MainUpdater:290 - Updater Check For Update Now.
2024-06-20 21:31:18,837 [INFO] MicroXplorer:498 - Change Database Version : DB.6.0.111
2024-06-20 21:31:18,845 [INFO] McuFinderGlobals:63 - Set McuFinder mode to 2 (CubeIDE integrated)
2024-06-20 21:31:18,845 [INFO] UserAuth:179 - activating auth plugin
2024-06-20 21:31:18,849 [INFO] UserAuth:415 - Internet connection configuration mode: 1
2024-06-20 21:31:18,877 [INFO] JxBrowserEngine:152 - Initiate JxBrowser Engine with user profile folder
2024-06-20 21:31:19,094 [INFO] CheckServerUpdateThread:120 - End of CheckServer Thread
2024-06-20 21:31:20,305 [INFO] WebApp:161 - Instantiating new browser for Auth
2024-06-20 21:31:20,403 [WARN] PackLoader:240 - Cannot read IP mode file for STMicroelectronics.FP-SNS-MOTENVWB1.1.4.0
2024-06-20 21:31:20,428 [WARN] PackLoader:240 - Cannot read IP mode file for STMicroelectronics.X-CUBE-SMBUS.2.1.0
2024-06-20 21:31:20,442 [WARN] PackLoader:240 - Cannot read IP mode file for STMicroelectronics.X-CUBE-TOUCHGFX.4.23.0
2024-06-20 21:31:20,448 [WARN] PackLoader:240 - Cannot read IP mode file for STMicroelectronics.X-CUBE-TOUCHGFX.4.23.2
2024-06-20 21:31:20,510 [WARN] PackLoader:240 - Cannot read IP mode file for STMicroelectronics.X-CUBE-AZRTOS-F7.1.1.0
2024-06-20 21:31:20,532 [WARN] PackLoader:240 - Cannot read IP mode file for STMicroelectronics.FP-SNS-MOTENV1.4.3.2
2024-06-20 21:31:20,551 [WARN] PackLoader:240 - Cannot read IP mode file for STMicroelectronics.FP-SNS-FLIGHT1.5.0.1
2024-06-20 21:31:20,569 [WARN] PackLoader:240 - Cannot read IP mode file for STMicroelectronics.X-CUBE-BLE1.6.2.4
2024-06-20 21:31:20,578 [WARN] PackLoader:240 - Cannot read IP mode file for STMicroelectronics.FP-SNS-FLIGHT1.5.0.2
2024-06-20 21:31:20,600 [WARN] PackLoader:240 - Cannot read IP mode file for STMicroelectronics.X-CUBE-DISPLAY.3.0.0
2024-06-20 21:31:20,642 [WARN] PackLoader:240 - Cannot read IP mode file for STMicroelectronics.X-CUBE-BLE1.7.0.0
2024-06-20 21:31:20,677 [WARN] PackLoader:240 - Cannot read IP mode file for emotas.I-CUBE-CANOPEN.1.3.0
2024-06-20 21:31:20,693 [WARN] PackLoader:240 - Cannot read IP mode file for STMicroelectronics.X-CUBE-TOUCHGFX.4.22.0
2024-06-20 21:31:20,698 [WARN] PackLoader:240 - Cannot read IP mode file for STMicroelectronics.X-CUBE-TOUCHGFX.4.22.1
2024-06-20 21:31:20,715 [WARN] PackLoader:240 - Cannot read IP mode file for STMicroelectronics.X-CUBE-BLEMGR.3.1.0
2024-06-20 21:31:20,726 [WARN] PackLoader:240 - Cannot read IP mode file for STMicroelectronics.FP-SNS-SMARTAG2.1.2.0
2024-06-20 21:31:20,746 [INFO] LogOutputStream:77 - [STDOUT_REDIRECT] 1 : Invalid condition id : UX_CORESTACK_Condition cause : null
2024-06-20 21:31:20,746 [INFO] LogOutputStream:77 - [STDOUT_REDIRECT] 1 : Invalid condition id : UX_CORESTACK_Condition cause : null
2024-06-20 21:31:20,750 [INFO] LogOutputStream:77 - [STDOUT_REDIRECT] 1 : Invalid condition id : UX_CORESTACK_Condition cause : null
2024-06-20 21:31:20,753 [INFO] LogOutputStream:77 - [STDOUT_REDIRECT] 1 : Invalid condition id : UX_CORESTACK_Condition cause : null
2024-06-20 21:31:20,756 [INFO] LogOutputStream:77 - [STDOUT_REDIRECT] 1 : Invalid condition id : UX_CORESTACK_Condition cause : null
2024-06-20 21:31:20,763 [WARN] PackLoader:240 - Cannot read IP mode file for STMicroelectronics.X-CUBE-AZRTOS-WL.2.0.0
2024-06-20 21:31:20,776 [WARN] PackLoader:240 - Cannot read IP mode file for STMicroelectronics.FP-SNS-MOTENV1.5.0.0
2024-06-20 21:31:20,796 [WARN] PackLoader:240 - Cannot read IP mode file for WES.I-CUBE-Cesium.1.3.0
2024-06-20 21:31:20,808 [WARN] PackLoader:240 - Cannot read IP mode file for STMicroelectronics.X-CUBE-BLE2.3.3.0
2024-06-20 21:31:20,820 [WARN] PackLoader:240 - Cannot read IP mode file for STMicroelectronics.X-CUBE-TCPP.4.1.0
2024-06-20 21:31:20,835 [WARN] PackLoader:240 - Cannot read IP mode file for STMicroelectronics.X-CUBE-ALGOBUILD.1.3.0
2024-06-20 21:31:20,873 [WARN] PackLoader:240 - Cannot read IP mode file for STMicroelectronics.X-CUBE-AZRTOS-G0.1.1.0
2024-06-20 21:31:20,891 [WARN] PackLoader:240 - Cannot read IP mode file for STMicroelectronics.X-CUBE-SAFEA1.1.2.2
2024-06-20 21:31:20,904 [WARN] PackLoader:240 - Cannot read IP mode file for STMicroelectronics.X-CUBE-NFC4.3.0.0
2024-06-20 21:31:20,916 [WARN] PackLoader:240 - Cannot read IP mode file for wolfSSL.I-CUBE-wolfMQTT.1.18.0
2024-06-20 21:31:20,935 [WARN] PackLoader:240 - Cannot read IP mode file for STMicroelectronics.X-CUBE-BLEMGR.3.0.0
2024-06-20 21:31:20,950 [WARN] PackLoader:240 - Cannot read IP mode file for STMicroelectronics.FP-ATR-SIGFOX1.3.2.0
2024-06-20 21:31:20,961 [WARN] PackLoader:240 - Cannot read IP mode file for STMicroelectronics.X-CUBE-EEPRMA1.5.1.0
2024-06-20 21:31:21,077 [WARN] PackLoader:240 - Cannot read IP mode file for SEGGER.I-CUBE-embOS.1.3.1
2024-06-20 21:31:21,277 [WARN] PackLoader:240 - Cannot read IP mode file for STMicroelectronics.X-CUBE-ALGOBUILD.1.4.0
2024-06-20 21:31:21,289 [WARN] PackLoader:240 - Cannot read IP mode file for STMicroelectronics.X-CUBE-GNSS1.6.0.0
2024-06-20 21:31:21,317 [WARN] PackLoader:240 - Cannot read IP mode file for STMicroelectronics.X-CUBE-AZRTOS-F4.1.1.0
2024-06-20 21:31:21,327 [WARN] PackLoader:240 - Cannot read IP mode file for wolfSSL.I-CUBE-wolfSSL.5.6.3
2024-06-20 21:31:21,336 [WARN] PackLoader:240 - Cannot read IP mode file for STMicroelectronics.X-CUBE-FREERTOS.1.2.0
2024-06-20 21:31:21,365 [WARN] PackLoader:240 - Cannot read IP mode file for STMicroelectronics.X-CUBE-AZRTOS-L5.2.0.0
2024-06-20 21:31:21,432 [WARN] PackLoader:240 - Cannot read IP mode file for STMicroelectronics.X-CUBE-MEMS1.9.6.0
2024-06-20 21:31:21,681 [WARN] PackLoader:240 - Cannot read IP mode file for STMicroelectronics.X-CUBE-EEPRMA1.4.2.0
2024-06-20 21:31:21,691 [WARN] PackLoader:240 - Cannot read IP mode file for STMicroelectronics.X-CUBE-NFC6.3.1.0
2024-06-20 21:31:21,703 [WARN] PackLoader:240 - Cannot read IP mode file for ITTIA_DB.I-CUBE-ITTIADB.8.8.0
2024-06-20 21:31:21,713 [WARN] PackLoader:240 - Cannot read IP mode file for STMicroelectronics.X-CUBE-BLEMGR.2.0.0
2024-06-20 21:31:21,723 [WARN] PackLoader:240 - Cannot read IP mode file for STMicroelectronics.X-CUBE-AI.9.0.0
2024-06-20 21:31:21,743 [WARN] ConditionMgr:438 - getConditionDescription Invalid condition id : UX DEVICE CLASS RTOS Condition cause : null
2024-06-20 21:31:21,744 [WARN] ConditionMgr:438 - getConditionDescription Invalid condition id : UX DEVICE CLASS RTOS Condition cause : null
2024-06-20 21:31:21,748 [WARN] PackLoader:240 - Cannot read IP mode file for STMicroelectronics.X-CUBE-AZRTOS-H7.3.1.0
2024-06-20 21:31:21,749 [WARN] ConditionMgr:1039 - genDependencies : Invalid condition id : UX DEVICE CLASS RTOS Condition cause : null
2024-06-20 21:31:21,750 [WARN] ConditionMgr:1039 - genDependencies : Invalid condition id : UX DEVICE CLASS RTOS Condition cause : null
2024-06-20 21:31:21,751 [WARN] ConditionMgr:1039 - genDependencies : Invalid condition id : UX DEVICE CLASS RTOS Condition cause : null
2024-06-20 21:31:21,751 [WARN] ConditionMgr:1039 - genDependencies : Invalid condition id : UX DEVICE CLASS RTOS Condition cause : null
2024-06-20 21:31:21,751 [WARN] ConditionMgr:1039 - genDependencies : Invalid condition id : UX DEVICE CLASS RTOS Condition cause : null
2024-06-20 21:31:21,759 [WARN] PackLoader:240 - Cannot read IP mode file for STMicroelectronics.X-CUBE-NFC7.1.0.1
2024-06-20 21:31:21,767 [WARN] PackLoader:240 - Cannot read IP mode file for STMicroelectronics.X-CUBE-NFC6.3.0.0
2024-06-20 21:31:21,774 [WARN] PackLoader:240 - Cannot read IP mode file for STMicroelectronics.X-CUBE-EEPRMA1.4.1.0
2024-06-20 21:31:21,778 [WARN] PackLoader:240 - Cannot read IP mode file for STMicroelectronics.X-CUBE-AI.8.1.0
2024-06-20 21:31:21,797 [WARN] ConditionMgr:438 - getConditionDescription Invalid condition id : LAN8742 Phy interface Condition cause : null
2024-06-20 21:31:21,798 [WARN] PackLoader:240 - Cannot read IP mode file for STMicroelectronics.X-CUBE-AZRTOS-L4.2.0.0
2024-06-20 21:31:21,799 [WARN] ConditionMgr:1039 - genDependencies : Invalid condition id : LAN8742 Phy interface Condition cause : null
2024-06-20 21:31:21,800 [WARN] ConditionMgr:1039 - genDependencies : Invalid condition id : LAN8742 Phy interface Condition cause : null
2024-06-20 21:31:21,801 [WARN] ConditionMgr:1039 - genDependencies : Invalid condition id : LAN8742 Phy interface Condition cause : null
2024-06-20 21:31:21,822 [WARN] PackLoader:240 - Cannot read IP mode file for STMicroelectronics.X-CUBE-SFXS2LP1.4.0.0
2024-06-20 21:31:21,833 [WARN] PackLoader:240 - Cannot read IP mode file for STMicroelectronics.X-CUBE-ISPU.1.1.0
2024-06-20 21:31:21,855 [WARN] ConditionMgr:438 - getConditionDescription Invalid condition id : UX DEVICE CLASS RTOS Condition cause : null
2024-06-20 21:31:21,855 [WARN] ConditionMgr:438 - getConditionDescription Invalid condition id : UX DEVICE CLASS RTOS Condition cause : null
2024-06-20 21:31:21,860 [WARN] PackLoader:240 - Cannot read IP mode file for STMicroelectronics.X-CUBE-AZRTOS-WB.2.0.0
2024-06-20 21:31:21,861 [WARN] ConditionMgr:1039 - genDependencies : Invalid condition id : UX DEVICE CLASS RTOS Condition cause : null
2024-06-20 21:31:21,861 [WARN] ConditionMgr:1039 - genDependencies : Invalid condition id : UX DEVICE CLASS RTOS Condition cause : null
2024-06-20 21:31:21,862 [WARN] ConditionMgr:1039 - genDependencies : Invalid condition id : UX DEVICE CLASS RTOS Condition cause : null
2024-06-20 21:31:21,863 [WARN] ConditionMgr:1039 - genDependencies : Invalid condition id : UX DEVICE CLASS RTOS Condition cause : null
2024-06-20 21:31:21,864 [WARN] ConditionMgr:1039 - genDependencies : Invalid condition id : UX DEVICE CLASS RTOS Condition cause : null
2024-06-20 21:31:21,881 [WARN] PackLoader:240 - Cannot read IP mode file for STMicroelectronics.X-CUBE-FREERTOS.1.0.1
2024-06-20 21:31:21,911 [WARN] PackLoader:240 - Cannot read IP mode file for STMicroelectronics.X-CUBE-AZRTOS-L5.1.1.0
2024-06-20 21:31:21,921 [WARN] PackLoader:240 - Cannot read IP mode file for STMicroelectronics.X-CUBE-AI.8.0.1
2024-06-20 21:31:21,938 [WARN] PackLoader:240 - Cannot read IP mode file for STMicroelectronics.X-CUBE-SUBG2.5.0.0
2024-06-20 21:31:21,961 [WARN] PackLoader:240 - Cannot read IP mode file for Cesanta.I-CUBE-Mongoose.7.13.0
2024-06-20 21:31:21,966 [INFO] WebApp:779 - Register for checkConnection events
2024-06-20 21:31:21,966 [INFO] WebApp:414 - Apply proxy settings
2024-06-20 21:31:21,966 [INFO] WebApp:499 - Chromium requires no authentication
2024-06-20 21:31:21,976 [WARN] PackLoader:240 - Cannot read IP mode file for STMicroelectronics.X-CUBE-TOF1.3.3.1
2024-06-20 21:31:21,985 [INFO] WebApp:442 - Direct internet connection detected
2024-06-20 21:31:22,018 [WARN] PackLoader:240 - Cannot read IP mode file for STMicroelectronics.X-CUBE-AZRTOS-G4.2.0.0
2024-06-20 21:31:22,041 [WARN] PackLoader:240 - Cannot read IP mode file for Infineon.AIROC-Wi-Fi-Bluetooth-STM32.1.5.1
2024-06-20 21:31:22,052 [WARN] PackLoader:240 - Cannot read IP mode file for STMicroelectronics.FP-SNS-MOTENVWB1.1.3.0
2024-06-20 21:31:22,059 [WARN] PackLoader:240 - Cannot read IP mode file for STMicroelectronics.FP-SNS-MOTENVWB1.1.3.1
2024-06-20 21:31:22,067 [WARN] PackLoader:240 - Cannot read IP mode file for STMicroelectronics.X-CUBE-ISPU.2.0.0
2024-06-20 21:31:22,074 [WARN] PackLoader:240 - Cannot read IP mode file for STMicroelectronics.X-CUBE-ALS.1.0.2
2024-06-20 21:31:22,123 [WARN] PackLoader:240 - Cannot read IP mode file for STMicroelectronics.X-CUBE-MEMS1.10.0.0
2024-06-20 21:31:22,289 [WARN] PackLoader:240 - Cannot read IP mode file for STMicroelectronics.X-CUBE-FREERTOS.1.1.0
2024-06-20 21:31:22,299 [WARN] PackLoader:240 - Cannot read IP mode file for portGmbH.I-Cube-SoM-uGOAL.1.1.0
2024-06-20 21:31:22,304 [WARN] PackLoader:240 - Cannot read IP mode file for STMicroelectronics.X-CUBE-ALS.1.0.1
2024-06-20 21:31:22,319 [WARN] PackLoader:240 - Cannot read IP mode file for STMicroelectronics.X-CUBE-AZRTOS-WB.1.1.0
2024-06-20 21:31:22,343 [WARN] PackLoader:240 - Cannot read IP mode file for STMicroelectronics.X-CUBE-AZRTOS-H7RS.1.0.0
2024-06-20 21:31:22,353 [WARN] PackLoader:240 - Cannot read IP mode file for STMicroelectronics.FP-ATR-ASTRA1.2.0.0
2024-06-20 21:31:22,362 [WARN] PackLoader:240 - Cannot read IP mode file for STMicroelectronics.X-CUBE-TOF1.3.4.0
2024-06-20 21:31:22,374 [INFO] WebApp:192 - Starting web application
2024-06-20 21:31:22,374 [INFO] WebApp:544 - Web application path used C:\ST\STM32CubeIDE_1.9.0\STM32CubeIDE\plugins\com.st.stm32cube.common.mx_6.11.1.202404110753\db\plugins\mcufinder\reactClient1\index.html
2024-06-20 21:31:22,388 [WARN] PackLoader:240 - Cannot read IP mode file for STMicroelectronics.X-CUBE-TOF1.3.4.1
2024-06-20 21:31:22,456 [WARN] PackLoader:240 - Cannot read IP mode file for STMicroelectronics.X-CUBE-AZRTOS-H7.3.2.0
2024-06-20 21:31:22,463 [INFO] ThirdParty:978 - Integrity check success = true
2024-06-20 21:31:22,463 [INFO] IntegrityCheckThread:100 - exiting critical section [integrity check]
2024-06-20 21:31:22,463 [INFO] IntegrityCheckThread:103 - End integrity checks thread
2024-06-20 21:41:47,157 [ERROR] LogOutputStream:75 - [STDERR_REDIRECT] 
2024-06-20 21:42:08,097 [INFO] Activator:176 - 


2024-06-20 21:42:08,100 [INFO] Activator:177 - !SESSION log4j initialized
2024-06-20 21:42:15,060 [INFO] LogOutputStream:77 - [STDOUT_REDIRECT] 
2024-06-20 21:42:22,234 [INFO] ApplicationProperties:184 - Using Application install path: C:\ST\STM32CubeIDE_1.9.0\STM32CubeIDE\plugins\com.st.stm32cube.common.mx_6.11.1.202404110753
2024-06-20 21:42:22,253 [INFO] DbMcusXml:78 - Set database path to: C:\ST\STM32CubeIDE_1.9.0\STM32CubeIDE\plugins\com.st.stm32cube.common.mx_6.11.1.202404110753\\db\/mcu/
2024-06-20 21:42:22,254 [INFO] ApiDb:274 - Set plugin database path to: C:\ST\STM32CubeIDE_1.9.0\STM32CubeIDE\plugins\com.st.stm32cube.common.mx_6.11.1.202404110753\\db\/plugins/boardmanager/
2024-06-20 21:42:22,254 [WARN] ApiDb:259 - Overriding images path with different value:  => C:\ST\STM32CubeIDE_1.9.0\STM32CubeIDE\plugins\com.st.stm32cube.common.mx_6.11.1.202404110753\\db\/plugins/mcufinder/images/
2024-06-20 21:42:22,263 [INFO] ApiDb:250 - Set database path to: C:\Users\hsuankai.chang\.stmcufinder\plugins\mcufinder//mcu/
2024-06-20 21:42:22,263 [INFO] DbMcusAds:125 - Set database path to: C:\Users\hsuankai.chang\.stmcufinder\plugins\mcufinder//mcu/
2024-06-20 21:42:22,266 [INFO] CrossReferenceDbSqlite:203 - Set database path to: C:\Users\hsuankai.chang\.stmcufinder\plugins\mcufinder//mcu/cs/
2024-06-20 21:42:22,417 [INFO] RulesReader:64 - Compatibility file has been processed (297 Rules)
2024-06-20 21:42:22,524 [INFO] DbMcusXml:78 - Set database path to: C:\ST\STM32CubeIDE_1.9.0\STM32CubeIDE\plugins\com.st.stm32cube.common.mx_6.11.1.202404110753\\db\/mcu/
2024-06-20 21:42:22,524 [INFO] ApiDb:274 - Set plugin database path to: C:\ST\STM32CubeIDE_1.9.0\STM32CubeIDE\plugins\com.st.stm32cube.common.mx_6.11.1.202404110753\\db\/plugins/boardmanager/
2024-06-20 21:42:22,524 [INFO] ApiDb:261 - Set plugin images path to: C:\ST\STM32CubeIDE_1.9.0\STM32CubeIDE\plugins\com.st.stm32cube.common.mx_6.11.1.202404110753\\db\/plugins/mcufinder/images/
2024-06-20 21:42:22,525 [WARN] DbFile:41 - Overriding database path with different value: C:\Users\hsuankai.chang\.stmcufinder\plugins\mcufinder/ => C:\Users\hsuankai.chang\.stmcufinder\plugins\mcufinder
2024-06-20 21:42:22,525 [INFO] ApiDb:250 - Set database path to: C:\Users\hsuankai.chang\.stmcufinder\plugins\mcufinder//mcu/
2024-06-20 21:42:22,525 [WARN] DbFile:41 - Overriding database path with different value: C:\Users\hsuankai.chang\.stmcufinder\plugins\mcufinder/ => C:\Users\hsuankai.chang\.stmcufinder\plugins\mcufinder
2024-06-20 21:42:22,525 [INFO] DbMcusAds:125 - Set database path to: C:\Users\hsuankai.chang\.stmcufinder\plugins\mcufinder//mcu/
2024-06-20 21:42:22,525 [WARN] DbFile:41 - Overriding database path with different value: C:\Users\hsuankai.chang\.stmcufinder\plugins\mcufinder/ => C:\Users\hsuankai.chang\.stmcufinder\plugins\mcufinder
2024-06-20 21:42:22,525 [WARN] DbFile:41 - Overriding database path with different value: C:\Users\hsuankai.chang\.stmcufinder\plugins\mcufinder/ => C:\Users\hsuankai.chang\.stmcufinder\plugins\mcufinder
2024-06-20 21:42:22,525 [INFO] CrossReferenceDbSqlite:203 - Set database path to: C:\Users\hsuankai.chang\.stmcufinder\plugins\mcufinder//mcu/cs/
2024-06-20 21:42:22,643 [INFO] MainPanel:264 - HeapMemory: 268435456
2024-06-20 21:42:22,717 [INFO] DbMcusXml:78 - Set database path to: C:\ST\STM32CubeIDE_1.9.0\STM32CubeIDE\plugins\com.st.stm32cube.common.mx_6.11.1.202404110753\\db\/mcu/
2024-06-20 21:42:22,717 [INFO] ApiDb:274 - Set plugin database path to: C:\ST\STM32CubeIDE_1.9.0\STM32CubeIDE\plugins\com.st.stm32cube.common.mx_6.11.1.202404110753\\db\/plugins/boardmanager/
2024-06-20 21:42:22,717 [INFO] ApiDb:261 - Set plugin images path to: C:\ST\STM32CubeIDE_1.9.0\STM32CubeIDE\plugins\com.st.stm32cube.common.mx_6.11.1.202404110753\\db\/plugins/mcufinder/images/
2024-06-20 21:42:22,718 [WARN] DbFile:41 - Overriding database path with different value: C:\Users\hsuankai.chang\.stmcufinder\plugins\mcufinder/ => C:\Users\hsuankai.chang\.stmcufinder\plugins\mcufinder
2024-06-20 21:42:22,718 [INFO] ApiDb:250 - Set database path to: C:\Users\hsuankai.chang\.stmcufinder\plugins\mcufinder//mcu/
2024-06-20 21:42:22,718 [WARN] DbFile:41 - Overriding database path with different value: C:\Users\hsuankai.chang\.stmcufinder\plugins\mcufinder/ => C:\Users\hsuankai.chang\.stmcufinder\plugins\mcufinder
2024-06-20 21:42:22,718 [INFO] DbMcusAds:125 - Set database path to: C:\Users\hsuankai.chang\.stmcufinder\plugins\mcufinder//mcu/
2024-06-20 21:42:22,718 [WARN] DbFile:41 - Overriding database path with different value: C:\Users\hsuankai.chang\.stmcufinder\plugins\mcufinder/ => C:\Users\hsuankai.chang\.stmcufinder\plugins\mcufinder
2024-06-20 21:42:22,718 [WARN] DbFile:41 - Overriding database path with different value: C:\Users\hsuankai.chang\.stmcufinder\plugins\mcufinder/ => C:\Users\hsuankai.chang\.stmcufinder\plugins\mcufinder
2024-06-20 21:42:22,719 [INFO] CrossReferenceDbSqlite:203 - Set database path to: C:\Users\hsuankai.chang\.stmcufinder\plugins\mcufinder//mcu/cs/
2024-06-20 21:42:22,739 [INFO] ApplicationProperties:184 - Using Application install path: C:\ST\STM32CubeIDE_1.9.0\STM32CubeIDE\plugins\com.st.stm32cube.common.mx_6.11.1.202404110753
2024-06-20 21:42:22,740 [INFO] PluginManage:196 - Search for loadable plugins [exclusion list=, ]
2024-06-20 21:42:22,742 [INFO] PluginManage:310 - Check plugin analytics
2024-06-20 21:42:27,476 [INFO] AnalyticsPlugin:253 - Accepted Software Licenses: 
2024-06-20 21:42:27,476 [INFO] AnalyticsPlugin:255 - Accepted CMSIS Pack Licenses: 
2024-06-20 21:42:27,477 [INFO] AnalyticsPlugin:257 - Accepted Firmware Licenses: 
2024-06-20 21:42:27,481 [INFO] PluginManage:359 - Loaded plugin analytics (category:tool,tabindex:-1)
2024-06-20 21:42:27,482 [INFO] PluginManage:310 - Check plugin cadmodel
2024-06-20 21:42:27,488 [INFO] CADModel:105 - Init CAD model plugin
2024-06-20 21:42:27,488 [INFO] PluginManage:359 - Loaded plugin cadmodel (category:power,tabindex:5)
2024-06-20 21:42:27,489 [INFO] PluginManage:310 - Check plugin clock
2024-06-20 21:42:27,499 [INFO] PluginManage:359 - Loaded plugin clock (category:base,tabindex:2)
2024-06-20 21:42:27,499 [INFO] PluginManage:310 - Check plugin ddr
2024-06-20 21:42:27,501 [INFO] PluginManage:359 - Loaded plugin ddr (category:tool,tabindex:6)
2024-06-20 21:42:27,502 [INFO] PluginManage:310 - Check plugin filemanager
2024-06-20 21:42:27,660 [INFO] PluginManage:359 - Loaded plugin filemanager (category:base,tabindex:10)
2024-06-20 21:42:27,660 [INFO] PluginManage:310 - Check plugin ipmanager
2024-06-20 21:42:27,672 [INFO] PluginManage:359 - Loaded plugin ipmanager (category:base,tabindex:5)
2024-06-20 21:42:27,672 [INFO] PluginManage:310 - Check plugin lpbam
2024-06-20 21:42:27,681 [INFO] PluginManage:359 - Loaded plugin lpbam (category:base,tabindex:0)
2024-06-20 21:42:27,681 [INFO] PluginManage:310 - Check plugin memorymap
2024-06-20 21:42:27,700 [INFO] PluginManage:359 - Loaded plugin memorymap (category:base,tabindex:4)
2024-06-20 21:42:27,700 [INFO] PluginManage:310 - Check plugin pinoutandconfiguration
2024-06-20 21:42:27,715 [INFO] PluginManage:359 - Loaded plugin pinoutandconfiguration (category:base,tabindex:1)
2024-06-20 21:42:27,715 [INFO] PluginManage:310 - Check plugin pinoutconfig
2024-06-20 21:42:27,833 [WARN] SupportedApi:132 - Cannot load RTOS API schema: s4s-elt-must-match.1: The content of 'definitions' must match (annotation?, (simpleType | complexType)?, (unique | key | keyref)*)). A problem was found starting at: attribute.
2024-06-20 21:42:28,011 [INFO] PluginManage:359 - Loaded plugin pinoutconfig (category:base,tabindex:0)
2024-06-20 21:42:28,012 [INFO] PluginManage:310 - Check plugin power
2024-06-20 21:42:28,023 [INFO] PluginManage:359 - Loaded plugin power (category:power,tabindex:4)
2024-06-20 21:42:28,023 [INFO] PluginManage:310 - Check plugin projectmanager
2024-06-20 21:42:28,046 [INFO] PluginManage:359 - Loaded plugin projectmanager (category:projectmanager,tabindex:3)
2024-06-20 21:42:28,046 [INFO] PluginManage:310 - Check plugin thirdparty
2024-06-20 21:42:28,209 [INFO] PluginManage:359 - Loaded plugin thirdparty (category:base,tabindex:-1)
2024-06-20 21:42:28,209 [WARN] IntegrityCheckThread:84 - waiting for thirdparty lock release [integrity check]
2024-06-20 21:42:28,209 [INFO] PluginManage:310 - Check plugin tools
2024-06-20 21:42:28,210 [INFO] IntegrityCheckThread:86 - entering critical section [integrity check]
2024-06-20 21:42:28,210 [INFO] ThirdPartyUpdaterWithRetryManager:70 - Updater plugin not ready yet. [1/15]
2024-06-20 21:42:28,215 [INFO] PluginManage:359 - Loaded plugin tools (category:base,tabindex:7)
2024-06-20 21:42:28,215 [INFO] PluginManage:310 - Check plugin tutovideos
2024-06-20 21:42:28,412 [INFO] PluginManage:359 - Loaded plugin tutovideos (category:base,tabindex:-1)
2024-06-20 21:42:28,412 [INFO] PluginManage:310 - Check plugin updater
2024-06-20 21:42:28,426 [INFO] PluginManage:359 - Loaded plugin updater (category:base,tabindex:12)
2024-06-20 21:42:28,426 [INFO] PluginManage:310 - Check plugin userauth
2024-06-20 21:42:28,432 [INFO] UserAuth:114 - Init User Auth plugin
2024-06-20 21:42:28,432 [INFO] PluginManage:359 - Loaded plugin userauth (category:base,tabindex:14)
2024-06-20 21:42:28,433 [INFO] PluginManage:283 - PluginManage : Loaded plugins [17]
2024-06-20 21:42:28,698 [INFO] PinOutPanel:1561 - setPackage(No Configuration,No Configuration)
2024-06-20 21:42:28,795 [INFO] CADModel:165 - CPN selected for project level
2024-06-20 21:42:28,795 [INFO] CADModel:114 - Register for checkConnection events
2024-06-20 21:42:28,813 [INFO] IPUIPlugin:80 - create IPUIPlugin
2024-06-20 21:42:28,813 [INFO] PluginManager:220 - loadIPPluginJar : add adc
2024-06-20 21:42:28,816 [INFO] IPUIPlugin:80 - create IPUIPlugin
2024-06-20 21:42:28,816 [INFO] PluginManager:220 - loadIPPluginJar : add aes
2024-06-20 21:42:28,819 [INFO] IPUIPlugin:80 - create IPUIPlugin
2024-06-20 21:42:28,819 [INFO] PluginManager:220 - loadIPPluginJar : add can
2024-06-20 21:42:28,821 [INFO] IPUIPlugin:80 - create IPUIPlugin
2024-06-20 21:42:28,821 [INFO] PluginManager:220 - loadIPPluginJar : add comp
2024-06-20 21:42:28,823 [INFO] IPUIPlugin:80 - create IPUIPlugin
2024-06-20 21:42:28,824 [INFO] PluginManager:220 - loadIPPluginJar : add cryp
2024-06-20 21:42:28,826 [INFO] IPUIPlugin:80 - create IPUIPlugin
2024-06-20 21:42:28,826 [INFO] PluginManager:220 - loadIPPluginJar : add dfsdm
2024-06-20 21:42:28,832 [INFO] IPUIPlugin:80 - create IPUIPlugin
2024-06-20 21:42:28,833 [INFO] PluginManager:220 - loadIPPluginJar : add dma
2024-06-20 21:42:28,836 [INFO] IPUIPlugin:80 - create IPUIPlugin
2024-06-20 21:42:28,836 [INFO] PluginManager:220 - loadIPPluginJar : add dma3
2024-06-20 21:42:28,839 [INFO] IPUIPlugin:80 - create IPUIPlugin
2024-06-20 21:42:28,839 [INFO] PluginManager:220 - loadIPPluginJar : add extmemmanager
2024-06-20 21:42:28,840 [INFO] IPUIPlugin:80 - create IPUIPlugin
2024-06-20 21:42:28,841 [INFO] PluginManager:220 - loadIPPluginJar : add fatfs
2024-06-20 21:42:28,846 [INFO] IPUIPlugin:80 - create IPUIPlugin
2024-06-20 21:42:28,846 [INFO] PluginManager:220 - loadIPPluginJar : add fmc
2024-06-20 21:42:28,851 [INFO] IPUIPlugin:80 - create IPUIPlugin
2024-06-20 21:42:28,851 [INFO] PluginManager:220 - loadIPPluginJar : add freertos
2024-06-20 21:42:28,853 [INFO] IPUIPlugin:80 - create IPUIPlugin
2024-06-20 21:42:28,853 [INFO] PluginManager:220 - loadIPPluginJar : add genericplugin
2024-06-20 21:42:28,855 [INFO] IPUIPlugin:80 - create IPUIPlugin
2024-06-20 21:42:28,856 [INFO] PluginManager:220 - loadIPPluginJar : add gfxmmu
2024-06-20 21:42:28,860 [INFO] IPUIPlugin:80 - create IPUIPlugin
2024-06-20 21:42:28,860 [INFO] PluginManager:220 - loadIPPluginJar : add gic
2024-06-20 21:42:28,865 [INFO] IPUIPlugin:80 - create IPUIPlugin
2024-06-20 21:42:28,865 [INFO] PluginManager:220 - loadIPPluginJar : add gpio
2024-06-20 21:42:28,868 [INFO] IPUIPlugin:80 - create IPUIPlugin
2024-06-20 21:42:28,868 [INFO] PluginManager:220 - loadIPPluginJar : add gtzc
2024-06-20 21:42:28,871 [INFO] IPUIPlugin:80 - create IPUIPlugin
2024-06-20 21:42:28,871 [INFO] PluginManager:220 - loadIPPluginJar : add hash
2024-06-20 21:42:28,874 [INFO] IPUIPlugin:80 - create IPUIPlugin
2024-06-20 21:42:28,874 [INFO] PluginManager:220 - loadIPPluginJar : add i2c
2024-06-20 21:42:28,877 [INFO] IPUIPlugin:80 - create IPUIPlugin
2024-06-20 21:42:28,877 [INFO] PluginManager:220 - loadIPPluginJar : add i2s
2024-06-20 21:42:28,880 [INFO] IPUIPlugin:80 - create IPUIPlugin
2024-06-20 21:42:28,880 [INFO] PluginManager:220 - loadIPPluginJar : add i3c
2024-06-20 21:42:28,886 [INFO] IPUIPlugin:80 - create IPUIPlugin
2024-06-20 21:42:28,886 [INFO] PluginManager:220 - loadIPPluginJar : add ipddr
2024-06-20 21:42:28,894 [INFO] IPUIPlugin:80 - create IPUIPlugin
2024-06-20 21:42:28,894 [INFO] PluginManager:220 - loadIPPluginJar : add linkedlist
2024-06-20 21:42:28,898 [INFO] IPUIPlugin:80 - create IPUIPlugin
2024-06-20 21:42:28,898 [INFO] PluginManager:220 - loadIPPluginJar : add lorawan
2024-06-20 21:42:28,899 [INFO] IPUIPlugin:80 - create IPUIPlugin
2024-06-20 21:42:28,900 [INFO] PluginManager:220 - loadIPPluginJar : add ltdc
2024-06-20 21:42:28,908 [INFO] IPUIPlugin:80 - create IPUIPlugin
2024-06-20 21:42:28,908 [INFO] PluginManager:220 - loadIPPluginJar : add mdma
2024-06-20 21:42:28,913 [INFO] IPUIPlugin:80 - create IPUIPlugin
2024-06-20 21:42:28,913 [INFO] PluginManager:220 - loadIPPluginJar : add nvic
2024-06-20 21:42:28,916 [INFO] IPUIPlugin:80 - create IPUIPlugin
2024-06-20 21:42:28,916 [INFO] PluginManager:220 - loadIPPluginJar : add opamp
2024-06-20 21:42:28,921 [INFO] IPUIPlugin:80 - create IPUIPlugin
2024-06-20 21:42:28,922 [INFO] PluginManager:220 - loadIPPluginJar : add openamp
2024-06-20 21:42:28,925 [INFO] IPUIPlugin:80 - create IPUIPlugin
2024-06-20 21:42:28,925 [INFO] PluginManager:220 - loadIPPluginJar : add pdm2pcm
2024-06-20 21:42:28,932 [INFO] IPUIPlugin:80 - create IPUIPlugin
2024-06-20 21:42:28,934 [INFO] PluginManager:220 - loadIPPluginJar : add plateformsettings
2024-06-20 21:42:28,936 [INFO] IPUIPlugin:80 - create IPUIPlugin
2024-06-20 21:42:28,936 [INFO] PluginManager:220 - loadIPPluginJar : add quadspi
2024-06-20 21:42:28,941 [INFO] IPUIPlugin:80 - create IPUIPlugin
2024-06-20 21:42:28,941 [INFO] PluginManager:220 - loadIPPluginJar : add resmgrutility
2024-06-20 21:42:28,944 [INFO] IPUIPlugin:80 - create IPUIPlugin
2024-06-20 21:42:28,945 [INFO] PluginManager:220 - loadIPPluginJar : add sai
2024-06-20 21:42:28,947 [INFO] IPUIPlugin:80 - create IPUIPlugin
2024-06-20 21:42:28,947 [INFO] PluginManager:220 - loadIPPluginJar : add spi
2024-06-20 21:42:28,951 [INFO] IPUIPlugin:80 - create IPUIPlugin
2024-06-20 21:42:28,952 [INFO] PluginManager:220 - loadIPPluginJar : add stm32_wpan
2024-06-20 21:42:28,954 [INFO] IPUIPlugin:80 - create IPUIPlugin
2024-06-20 21:42:28,954 [INFO] PluginManager:220 - loadIPPluginJar : add tim
2024-06-20 21:42:28,957 [INFO] IPUIPlugin:80 - create IPUIPlugin
2024-06-20 21:42:28,957 [INFO] PluginManager:220 - loadIPPluginJar : add touchsensing
2024-06-20 21:42:28,959 [INFO] IPUIPlugin:80 - create IPUIPlugin
2024-06-20 21:42:28,960 [INFO] PluginManager:220 - loadIPPluginJar : add tracer_emb
2024-06-20 21:42:28,961 [INFO] IPUIPlugin:80 - create IPUIPlugin
2024-06-20 21:42:28,962 [INFO] PluginManager:220 - loadIPPluginJar : add ts
2024-06-20 21:42:28,964 [INFO] IPUIPlugin:80 - create IPUIPlugin
2024-06-20 21:42:28,964 [INFO] PluginManager:220 - loadIPPluginJar : add tsc
2024-06-20 21:42:28,967 [INFO] IPUIPlugin:80 - create IPUIPlugin
2024-06-20 21:42:28,968 [INFO] PluginManager:220 - loadIPPluginJar : add ucpd
2024-06-20 21:42:28,971 [INFO] IPUIPlugin:80 - create IPUIPlugin
2024-06-20 21:42:28,972 [INFO] PluginManager:220 - loadIPPluginJar : add usart
2024-06-20 21:42:28,975 [INFO] IPUIPlugin:80 - create IPUIPlugin
2024-06-20 21:42:28,975 [INFO] PluginManager:220 - loadIPPluginJar : add usbx
2024-06-20 21:42:29,108 [INFO] CADModel:165 - CPN selected for project level
2024-06-20 21:42:29,108 [INFO] CADModel:114 - Register for checkConnection events
2024-06-20 21:42:29,109 [FATAL] Updater:308 - Updater called before beeing initialized
2024-06-20 21:42:29,109 [ERROR] CADModel:125 - Updater not yet initialized, retry later 
2024-06-20 21:42:29,277 [INFO] CADModel:165 - CPN selected for project level
2024-06-20 21:42:29,277 [INFO] CADModel:114 - Register for checkConnection events
2024-06-20 21:42:29,277 [FATAL] Updater:308 - Updater called before beeing initialized
2024-06-20 21:42:29,277 [ERROR] CADModel:125 - Updater not yet initialized, retry later 
2024-06-20 21:42:29,281 [FATAL] Updater:308 - Updater called before beeing initialized
2024-06-20 21:42:29,426 [FATAL] Updater:308 - Updater called before beeing initialized
2024-06-20 21:42:29,431 [INFO] DbMcusAds:53 - JSON generation date=Thu May 16 02:22:01 PDT 2024 (1715851321456)
2024-06-20 21:42:29,431 [FATAL] Updater:308 - Updater called before beeing initialized
2024-06-20 21:42:29,484 [WARN] DetailPanel:346 - Failed to get advertising image, set to default
2024-06-20 21:42:29,605 [FATAL] Updater:308 - Updater called before beeing initialized
2024-06-20 21:42:29,607 [FATAL] Updater:308 - Updater called before beeing initialized
2024-06-20 21:42:29,607 [FATAL] Updater:308 - Updater called before beeing initialized
2024-06-20 21:42:29,607 [WARN] DetailPanel:346 - Failed to get advertising image, set to default
2024-06-20 21:42:29,608 [FATAL] Updater:308 - Updater called before beeing initialized
2024-06-20 21:42:29,664 [ERROR] Updater:1120 - MainUpdater not yet initialized. External WinMGr cannot be set.
2024-06-20 21:42:29,666 [INFO] Updater:1056 - Updater Version found : 6.11.1
2024-06-20 21:42:29,686 [INFO] ApplicationProperties:184 - Using Application install path: C:\ST\STM32CubeIDE_1.9.0\STM32CubeIDE\plugins\com.st.stm32cube.common.mx_6.11.1.202404110753
2024-06-20 21:42:30,096 [INFO] MainUpdater:2873 - connection check result : 10
2024-06-20 21:42:30,097 [INFO] MainUpdater:290 - Updater Check For Update Now.
2024-06-20 21:42:30,097 [INFO] MicroXplorer:498 - Change Database Version : DB.6.0.111
2024-06-20 21:42:30,107 [INFO] McuFinderGlobals:63 - Set McuFinder mode to 2 (CubeIDE integrated)
2024-06-20 21:42:30,107 [INFO] UserAuth:179 - activating auth plugin
2024-06-20 21:42:30,111 [INFO] UserAuth:415 - Internet connection configuration mode: 1
2024-06-20 21:42:30,130 [INFO] JxBrowserEngine:152 - Initiate JxBrowser Engine with user profile folder
2024-06-20 21:42:30,325 [INFO] CheckServerUpdateThread:120 - End of CheckServer Thread
2024-06-20 21:42:31,413 [INFO] WebApp:161 - Instantiating new browser for Auth
2024-06-20 21:42:31,876 [WARN] PackLoader:240 - Cannot read IP mode file for STMicroelectronics.FP-SNS-MOTENVWB1.1.4.0
2024-06-20 21:42:31,905 [WARN] PackLoader:240 - Cannot read IP mode file for STMicroelectronics.X-CUBE-SMBUS.2.1.0
2024-06-20 21:42:31,915 [WARN] PackLoader:240 - Cannot read IP mode file for STMicroelectronics.X-CUBE-TOUCHGFX.4.23.0
2024-06-20 21:42:31,922 [WARN] PackLoader:240 - Cannot read IP mode file for STMicroelectronics.X-CUBE-TOUCHGFX.4.23.2
2024-06-20 21:42:31,981 [WARN] PackLoader:240 - Cannot read IP mode file for STMicroelectronics.X-CUBE-AZRTOS-F7.1.1.0
2024-06-20 21:42:32,001 [WARN] PackLoader:240 - Cannot read IP mode file for STMicroelectronics.FP-SNS-MOTENV1.4.3.2
2024-06-20 21:42:32,024 [WARN] PackLoader:240 - Cannot read IP mode file for STMicroelectronics.FP-SNS-FLIGHT1.5.0.1
2024-06-20 21:42:32,050 [WARN] PackLoader:240 - Cannot read IP mode file for STMicroelectronics.X-CUBE-BLE1.6.2.4
2024-06-20 21:42:32,058 [WARN] PackLoader:240 - Cannot read IP mode file for STMicroelectronics.FP-SNS-FLIGHT1.5.0.2
2024-06-20 21:42:32,096 [WARN] PackLoader:240 - Cannot read IP mode file for STMicroelectronics.X-CUBE-DISPLAY.3.0.0
2024-06-20 21:42:32,117 [WARN] PackLoader:240 - Cannot read IP mode file for STMicroelectronics.X-CUBE-BLE1.7.0.0
2024-06-20 21:42:32,130 [WARN] PackLoader:240 - Cannot read IP mode file for emotas.I-CUBE-CANOPEN.1.3.0
2024-06-20 21:42:32,135 [WARN] PackLoader:240 - Cannot read IP mode file for STMicroelectronics.X-CUBE-TOUCHGFX.4.22.0
2024-06-20 21:42:32,139 [WARN] PackLoader:240 - Cannot read IP mode file for STMicroelectronics.X-CUBE-TOUCHGFX.4.22.1
2024-06-20 21:42:32,166 [WARN] PackLoader:240 - Cannot read IP mode file for STMicroelectronics.X-CUBE-BLEMGR.3.1.0
2024-06-20 21:42:32,215 [WARN] PackLoader:240 - Cannot read IP mode file for STMicroelectronics.FP-SNS-SMARTAG2.1.2.0
2024-06-20 21:42:32,256 [INFO] LogOutputStream:77 - [STDOUT_REDIRECT] 1 : Invalid condition id : UX_CORESTACK_Condition cause : null
2024-06-20 21:42:32,257 [INFO] LogOutputStream:77 - [STDOUT_REDIRECT] 1 : Invalid condition id : UX_CORESTACK_Condition cause : null
2024-06-20 21:42:32,290 [INFO] LogOutputStream:77 - [STDOUT_REDIRECT] 1 : Invalid condition id : UX_CORESTACK_Condition cause : null
2024-06-20 21:42:32,323 [INFO] LogOutputStream:77 - [STDOUT_REDIRECT] 1 : Invalid condition id : UX_CORESTACK_Condition cause : null
2024-06-20 21:42:32,329 [INFO] LogOutputStream:77 - [STDOUT_REDIRECT] 1 : Invalid condition id : UX_CORESTACK_Condition cause : null
2024-06-20 21:42:32,335 [WARN] PackLoader:240 - Cannot read IP mode file for STMicroelectronics.X-CUBE-AZRTOS-WL.2.0.0
2024-06-20 21:42:32,345 [WARN] PackLoader:240 - Cannot read IP mode file for STMicroelectronics.FP-SNS-MOTENV1.5.0.0
2024-06-20 21:42:32,365 [WARN] PackLoader:240 - Cannot read IP mode file for WES.I-CUBE-Cesium.1.3.0
2024-06-20 21:42:32,401 [WARN] PackLoader:240 - Cannot read IP mode file for STMicroelectronics.X-CUBE-BLE2.3.3.0
2024-06-20 21:42:32,417 [WARN] PackLoader:240 - Cannot read IP mode file for STMicroelectronics.X-CUBE-TCPP.4.1.0
2024-06-20 21:42:32,432 [WARN] PackLoader:240 - Cannot read IP mode file for STMicroelectronics.X-CUBE-ALGOBUILD.1.3.0
2024-06-20 21:42:32,501 [WARN] PackLoader:240 - Cannot read IP mode file for STMicroelectronics.X-CUBE-AZRTOS-G0.1.1.0
2024-06-20 21:42:32,518 [WARN] PackLoader:240 - Cannot read IP mode file for STMicroelectronics.X-CUBE-SAFEA1.1.2.2
2024-06-20 21:42:32,530 [WARN] PackLoader:240 - Cannot read IP mode file for STMicroelectronics.X-CUBE-NFC4.3.0.0
2024-06-20 21:42:32,541 [WARN] PackLoader:240 - Cannot read IP mode file for wolfSSL.I-CUBE-wolfMQTT.1.18.0
2024-06-20 21:42:32,557 [WARN] PackLoader:240 - Cannot read IP mode file for STMicroelectronics.X-CUBE-BLEMGR.3.0.0
2024-06-20 21:42:32,567 [WARN] PackLoader:240 - Cannot read IP mode file for STMicroelectronics.FP-ATR-SIGFOX1.3.2.0
2024-06-20 21:42:32,606 [WARN] PackLoader:240 - Cannot read IP mode file for STMicroelectronics.X-CUBE-EEPRMA1.5.1.0
2024-06-20 21:42:32,659 [WARN] PackLoader:240 - Cannot read IP mode file for SEGGER.I-CUBE-embOS.1.3.1
2024-06-20 21:42:32,877 [WARN] PackLoader:240 - Cannot read IP mode file for STMicroelectronics.X-CUBE-ALGOBUILD.1.4.0
2024-06-20 21:42:32,894 [WARN] PackLoader:240 - Cannot read IP mode file for STMicroelectronics.X-CUBE-GNSS1.6.0.0
2024-06-20 21:42:32,928 [WARN] PackLoader:240 - Cannot read IP mode file for STMicroelectronics.X-CUBE-AZRTOS-F4.1.1.0
2024-06-20 21:42:32,947 [WARN] PackLoader:240 - Cannot read IP mode file for wolfSSL.I-CUBE-wolfSSL.5.6.3
2024-06-20 21:42:32,958 [WARN] PackLoader:240 - Cannot read IP mode file for STMicroelectronics.X-CUBE-FREERTOS.1.2.0
2024-06-20 21:42:32,990 [WARN] PackLoader:240 - Cannot read IP mode file for STMicroelectronics.X-CUBE-AZRTOS-L5.2.0.0
2024-06-20 21:42:33,074 [WARN] PackLoader:240 - Cannot read IP mode file for STMicroelectronics.X-CUBE-MEMS1.9.6.0
2024-06-20 21:42:33,147 [INFO] WebApp:779 - Register for checkConnection events
2024-06-20 21:42:33,147 [INFO] WebApp:414 - Apply proxy settings
2024-06-20 21:42:33,148 [INFO] WebApp:499 - Chromium requires no authentication
2024-06-20 21:42:33,164 [INFO] WebApp:442 - Direct internet connection detected
2024-06-20 21:42:33,350 [WARN] PackLoader:240 - Cannot read IP mode file for STMicroelectronics.X-CUBE-EEPRMA1.4.2.0
2024-06-20 21:42:33,364 [WARN] PackLoader:240 - Cannot read IP mode file for STMicroelectronics.X-CUBE-NFC6.3.1.0
2024-06-20 21:42:33,378 [WARN] PackLoader:240 - Cannot read IP mode file for ITTIA_DB.I-CUBE-ITTIADB.8.8.0
2024-06-20 21:42:33,388 [WARN] PackLoader:240 - Cannot read IP mode file for STMicroelectronics.X-CUBE-BLEMGR.2.0.0
2024-06-20 21:42:33,396 [WARN] PackLoader:240 - Cannot read IP mode file for STMicroelectronics.X-CUBE-AI.9.0.0
2024-06-20 21:42:33,442 [WARN] ConditionMgr:438 - getConditionDescription Invalid condition id : UX DEVICE CLASS RTOS Condition cause : null
2024-06-20 21:42:33,443 [WARN] ConditionMgr:438 - getConditionDescription Invalid condition id : UX DEVICE CLASS RTOS Condition cause : null
2024-06-20 21:42:33,447 [WARN] PackLoader:240 - Cannot read IP mode file for STMicroelectronics.X-CUBE-AZRTOS-H7.3.1.0
2024-06-20 21:42:33,449 [WARN] ConditionMgr:1039 - genDependencies : Invalid condition id : UX DEVICE CLASS RTOS Condition cause : null
2024-06-20 21:42:33,449 [WARN] ConditionMgr:1039 - genDependencies : Invalid condition id : UX DEVICE CLASS RTOS Condition cause : null
2024-06-20 21:42:33,450 [WARN] ConditionMgr:1039 - genDependencies : Invalid condition id : UX DEVICE CLASS RTOS Condition cause : null
2024-06-20 21:42:33,451 [WARN] ConditionMgr:1039 - genDependencies : Invalid condition id : UX DEVICE CLASS RTOS Condition cause : null
2024-06-20 21:42:33,451 [WARN] ConditionMgr:1039 - genDependencies : Invalid condition id : UX DEVICE CLASS RTOS Condition cause : null
2024-06-20 21:42:33,461 [WARN] PackLoader:240 - Cannot read IP mode file for STMicroelectronics.X-CUBE-NFC7.1.0.1
2024-06-20 21:42:33,471 [WARN] PackLoader:240 - Cannot read IP mode file for STMicroelectronics.X-CUBE-NFC6.3.0.0
2024-06-20 21:42:33,481 [WARN] PackLoader:240 - Cannot read IP mode file for STMicroelectronics.X-CUBE-EEPRMA1.4.1.0
2024-06-20 21:42:33,487 [WARN] PackLoader:240 - Cannot read IP mode file for STMicroelectronics.X-CUBE-AI.8.1.0
2024-06-20 21:42:33,516 [WARN] ConditionMgr:438 - getConditionDescription Invalid condition id : LAN8742 Phy interface Condition cause : null
2024-06-20 21:42:33,516 [WARN] PackLoader:240 - Cannot read IP mode file for STMicroelectronics.X-CUBE-AZRTOS-L4.2.0.0
2024-06-20 21:42:33,518 [WARN] ConditionMgr:1039 - genDependencies : Invalid condition id : LAN8742 Phy interface Condition cause : null
2024-06-20 21:42:33,519 [WARN] ConditionMgr:1039 - genDependencies : Invalid condition id : LAN8742 Phy interface Condition cause : null
2024-06-20 21:42:33,520 [WARN] ConditionMgr:1039 - genDependencies : Invalid condition id : LAN8742 Phy interface Condition cause : null
2024-06-20 21:42:33,533 [WARN] PackLoader:240 - Cannot read IP mode file for STMicroelectronics.X-CUBE-SFXS2LP1.4.0.0
2024-06-20 21:42:33,542 [WARN] PackLoader:240 - Cannot read IP mode file for STMicroelectronics.X-CUBE-ISPU.1.1.0
2024-06-20 21:42:33,562 [WARN] ConditionMgr:438 - getConditionDescription Invalid condition id : UX DEVICE CLASS RTOS Condition cause : null
2024-06-20 21:42:33,563 [WARN] ConditionMgr:438 - getConditionDescription Invalid condition id : UX DEVICE CLASS RTOS Condition cause : null
2024-06-20 21:42:33,566 [WARN] PackLoader:240 - Cannot read IP mode file for STMicroelectronics.X-CUBE-AZRTOS-WB.2.0.0
2024-06-20 21:42:33,566 [WARN] ConditionMgr:1039 - genDependencies : Invalid condition id : UX DEVICE CLASS RTOS Condition cause : null
2024-06-20 21:42:33,567 [WARN] ConditionMgr:1039 - genDependencies : Invalid condition id : UX DEVICE CLASS RTOS Condition cause : null
2024-06-20 21:42:33,567 [WARN] ConditionMgr:1039 - genDependencies : Invalid condition id : UX DEVICE CLASS RTOS Condition cause : null
2024-06-20 21:42:33,568 [WARN] ConditionMgr:1039 - genDependencies : Invalid condition id : UX DEVICE CLASS RTOS Condition cause : null
2024-06-20 21:42:33,568 [WARN] ConditionMgr:1039 - genDependencies : Invalid condition id : UX DEVICE CLASS RTOS Condition cause : null
2024-06-20 21:42:33,570 [INFO] WebApp:192 - Starting web application
2024-06-20 21:42:33,570 [INFO] WebApp:544 - Web application path used C:\ST\STM32CubeIDE_1.9.0\STM32CubeIDE\plugins\com.st.stm32cube.common.mx_6.11.1.202404110753\db\plugins\mcufinder\reactClient1\index.html
2024-06-20 21:42:33,575 [WARN] PackLoader:240 - Cannot read IP mode file for STMicroelectronics.X-CUBE-FREERTOS.1.0.1
2024-06-20 21:42:33,613 [WARN] PackLoader:240 - Cannot read IP mode file for STMicroelectronics.X-CUBE-AZRTOS-L5.1.1.0
2024-06-20 21:42:33,622 [WARN] PackLoader:240 - Cannot read IP mode file for STMicroelectronics.X-CUBE-AI.8.0.1
2024-06-20 21:42:33,638 [WARN] PackLoader:240 - Cannot read IP mode file for STMicroelectronics.X-CUBE-SUBG2.5.0.0
2024-06-20 21:42:33,656 [WARN] PackLoader:240 - Cannot read IP mode file for Cesanta.I-CUBE-Mongoose.7.13.0
2024-06-20 21:42:33,672 [WARN] PackLoader:240 - Cannot read IP mode file for STMicroelectronics.X-CUBE-TOF1.3.3.1
2024-06-20 21:42:33,943 [WARN] PackLoader:240 - Cannot read IP mode file for STMicroelectronics.X-CUBE-AZRTOS-G4.2.0.0
2024-06-20 21:42:34,024 [WARN] PackLoader:240 - Cannot read IP mode file for Infineon.AIROC-Wi-Fi-Bluetooth-STM32.1.5.1
2024-06-20 21:42:34,043 [WARN] PackLoader:240 - Cannot read IP mode file for STMicroelectronics.FP-SNS-MOTENVWB1.1.3.0
2024-06-20 21:42:34,052 [WARN] PackLoader:240 - Cannot read IP mode file for STMicroelectronics.FP-SNS-MOTENVWB1.1.3.1
2024-06-20 21:42:34,058 [WARN] PackLoader:240 - Cannot read IP mode file for STMicroelectronics.X-CUBE-ISPU.2.0.0
2024-06-20 21:42:34,066 [WARN] PackLoader:240 - Cannot read IP mode file for STMicroelectronics.X-CUBE-ALS.1.0.2
2024-06-20 21:42:34,126 [WARN] PackLoader:240 - Cannot read IP mode file for STMicroelectronics.X-CUBE-MEMS1.10.0.0
2024-06-20 21:42:34,353 [WARN] PackLoader:240 - Cannot read IP mode file for STMicroelectronics.X-CUBE-FREERTOS.1.1.0
2024-06-20 21:42:34,364 [WARN] PackLoader:240 - Cannot read IP mode file for portGmbH.I-Cube-SoM-uGOAL.1.1.0
2024-06-20 21:42:34,369 [WARN] PackLoader:240 - Cannot read IP mode file for STMicroelectronics.X-CUBE-ALS.1.0.1
2024-06-20 21:42:34,386 [WARN] PackLoader:240 - Cannot read IP mode file for STMicroelectronics.X-CUBE-AZRTOS-WB.1.1.0
2024-06-20 21:42:34,426 [WARN] PackLoader:240 - Cannot read IP mode file for STMicroelectronics.X-CUBE-AZRTOS-H7RS.1.0.0
2024-06-20 21:42:34,439 [WARN] PackLoader:240 - Cannot read IP mode file for STMicroelectronics.FP-ATR-ASTRA1.2.0.0
2024-06-20 21:42:34,457 [WARN] PackLoader:240 - Cannot read IP mode file for STMicroelectronics.X-CUBE-TOF1.3.4.0
2024-06-20 21:42:34,498 [WARN] PackLoader:240 - Cannot read IP mode file for STMicroelectronics.X-CUBE-TOF1.3.4.1
2024-06-20 21:42:34,557 [WARN] PackLoader:240 - Cannot read IP mode file for STMicroelectronics.X-CUBE-AZRTOS-H7.3.2.0
2024-06-20 21:42:34,572 [INFO] ThirdParty:978 - Integrity check success = true
2024-06-20 21:42:34,572 [INFO] IntegrityCheckThread:100 - exiting critical section [integrity check]
2024-06-20 21:42:34,572 [INFO] IntegrityCheckThread:103 - End integrity checks thread
